{"/Users/fk/projetos/venmo/backend/src/modules/useCases/loginUser/loginUser.spec.ts":{"path":"/Users/fk/projetos/venmo/backend/src/modules/useCases/loginUser/loginUser.spec.ts","statementMap":{"0":{"start":{"line":2,"column":16},"end":{"line":10,"column":1}},"1":{"start":{"line":3,"column":28},"end":{"line":3,"column":110}},"2":{"start":{"line":3,"column":91},"end":{"line":3,"column":106}},"3":{"start":{"line":4,"column":4},"end":{"line":9,"column":7}},"4":{"start":{"line":5,"column":36},"end":{"line":5,"column":97}},"5":{"start":{"line":5,"column":42},"end":{"line":5,"column":70}},"6":{"start":{"line":5,"column":85},"end":{"line":5,"column":95}},"7":{"start":{"line":6,"column":35},"end":{"line":6,"column":100}},"8":{"start":{"line":6,"column":41},"end":{"line":6,"column":73}},"9":{"start":{"line":6,"column":88},"end":{"line":6,"column":98}},"10":{"start":{"line":7,"column":32},"end":{"line":7,"column":116}},"11":{"start":{"line":8,"column":8},"end":{"line":8,"column":78}},"12":{"start":{"line":11,"column":18},"end":{"line":37,"column":1}},"13":{"start":{"line":12,"column":12},"end":{"line":12,"column":104}},"14":{"start":{"line":12,"column":43},"end":{"line":12,"column":68}},"15":{"start":{"line":12,"column":57},"end":{"line":12,"column":68}},"16":{"start":{"line":12,"column":69},"end":{"line":12,"column":81}},"17":{"start":{"line":13,"column":4},"end":{"line":13,"column":157}},"18":{"start":{"line":13,"column":138},"end":{"line":13,"column":150}},"19":{"start":{"line":14,"column":23},"end":{"line":14,"column":68}},"20":{"start":{"line":14,"column":45},"end":{"line":14,"column":65}},"21":{"start":{"line":16,"column":8},"end":{"line":16,"column":70}},"22":{"start":{"line":16,"column":15},"end":{"line":16,"column":70}},"23":{"start":{"line":17,"column":8},"end":{"line":34,"column":66}},"24":{"start":{"line":17,"column":50},"end":{"line":34,"column":66}},"25":{"start":{"line":18,"column":12},"end":{"line":18,"column":169}},"26":{"start":{"line":18,"column":160},"end":{"line":18,"column":169}},"27":{"start":{"line":19,"column":12},"end":{"line":19,"column":52}},"28":{"start":{"line":19,"column":26},"end":{"line":19,"column":52}},"29":{"start":{"line":20,"column":12},"end":{"line":32,"column":13}},"30":{"start":{"line":21,"column":32},"end":{"line":21,"column":39}},"31":{"start":{"line":21,"column":40},"end":{"line":21,"column":46}},"32":{"start":{"line":22,"column":24},"end":{"line":22,"column":34}},"33":{"start":{"line":22,"column":35},"end":{"line":22,"column":72}},"34":{"start":{"line":23,"column":24},"end":{"line":23,"column":34}},"35":{"start":{"line":23,"column":35},"end":{"line":23,"column":45}},"36":{"start":{"line":23,"column":46},"end":{"line":23,"column":55}},"37":{"start":{"line":23,"column":56},"end":{"line":23,"column":65}},"38":{"start":{"line":24,"column":24},"end":{"line":24,"column":41}},"39":{"start":{"line":24,"column":42},"end":{"line":24,"column":55}},"40":{"start":{"line":24,"column":56},"end":{"line":24,"column":65}},"41":{"start":{"line":26,"column":20},"end":{"line":26,"column":128}},"42":{"start":{"line":26,"column":110},"end":{"line":26,"column":116}},"43":{"start":{"line":26,"column":117},"end":{"line":26,"column":126}},"44":{"start":{"line":27,"column":20},"end":{"line":27,"column":106}},"45":{"start":{"line":27,"column":81},"end":{"line":27,"column":97}},"46":{"start":{"line":27,"column":98},"end":{"line":27,"column":104}},"47":{"start":{"line":28,"column":20},"end":{"line":28,"column":89}},"48":{"start":{"line":28,"column":57},"end":{"line":28,"column":72}},"49":{"start":{"line":28,"column":73},"end":{"line":28,"column":80}},"50":{"start":{"line":28,"column":81},"end":{"line":28,"column":87}},"51":{"start":{"line":29,"column":20},"end":{"line":29,"column":87}},"52":{"start":{"line":29,"column":47},"end":{"line":29,"column":62}},"53":{"start":{"line":29,"column":63},"end":{"line":29,"column":78}},"54":{"start":{"line":29,"column":79},"end":{"line":29,"column":85}},"55":{"start":{"line":30,"column":20},"end":{"line":30,"column":42}},"56":{"start":{"line":30,"column":30},"end":{"line":30,"column":42}},"57":{"start":{"line":31,"column":20},"end":{"line":31,"column":33}},"58":{"start":{"line":31,"column":34},"end":{"line":31,"column":43}},"59":{"start":{"line":33,"column":12},"end":{"line":33,"column":39}},"60":{"start":{"line":34,"column":22},"end":{"line":34,"column":34}},"61":{"start":{"line":34,"column":35},"end":{"line":34,"column":41}},"62":{"start":{"line":34,"column":54},"end":{"line":34,"column":64}},"63":{"start":{"line":35,"column":8},"end":{"line":35,"column":35}},"64":{"start":{"line":35,"column":23},"end":{"line":35,"column":35}},"65":{"start":{"line":35,"column":36},"end":{"line":35,"column":89}},"66":{"start":{"line":38,"column":22},"end":{"line":40,"column":1}},"67":{"start":{"line":39,"column":4},"end":{"line":39,"column":62}},"68":{"start":{"line":41,"column":0},"end":{"line":41,"column":62}},"69":{"start":{"line":42,"column":17},"end":{"line":42,"column":36}},"70":{"start":{"line":43,"column":13},"end":{"line":43,"column":45}},"71":{"start":{"line":44,"column":18},"end":{"line":44,"column":55}},"72":{"start":{"line":45,"column":21},"end":{"line":45,"column":62}},"73":{"start":{"line":46,"column":15},"end":{"line":46,"column":41}},"74":{"start":{"line":47,"column":0},"end":{"line":47,"column":40}},"75":{"start":{"line":48,"column":14},"end":{"line":48,"column":36}},"76":{"start":{"line":48,"column":47},"end":{"line":48,"column":68}},"77":{"start":{"line":49,"column":0},"end":{"line":215,"column":3}},"78":{"start":{"line":50,"column":19},"end":{"line":50,"column":25}},"79":{"start":{"line":51,"column":19},"end":{"line":51,"column":29}},"80":{"start":{"line":52,"column":26},"end":{"line":52,"column":33}},"81":{"start":{"line":53,"column":26},"end":{"line":53,"column":36}},"82":{"start":{"line":54,"column":4},"end":{"line":79,"column":11}},"83":{"start":{"line":54,"column":25},"end":{"line":79,"column":7}},"84":{"start":{"line":57,"column":8},"end":{"line":78,"column":11}},"85":{"start":{"line":58,"column":12},"end":{"line":77,"column":13}},"86":{"start":{"line":60,"column":20},"end":{"line":60,"column":67}},"87":{"start":{"line":61,"column":20},"end":{"line":61,"column":28}},"88":{"start":{"line":62,"column":20},"end":{"line":64,"column":22}},"89":{"start":{"line":65,"column":20},"end":{"line":65,"column":76}},"90":{"start":{"line":66,"column":24},"end":{"line":73,"column":35}},"91":{"start":{"line":75,"column":20},"end":{"line":75,"column":30}},"92":{"start":{"line":76,"column":20},"end":{"line":76,"column":42}},"93":{"start":{"line":80,"column":4},"end":{"line":89,"column":11}},"94":{"start":{"line":80,"column":24},"end":{"line":89,"column":7}},"95":{"start":{"line":81,"column":8},"end":{"line":88,"column":11}},"96":{"start":{"line":82,"column":12},"end":{"line":87,"column":13}},"97":{"start":{"line":83,"column":24},"end":{"line":83,"column":87}},"98":{"start":{"line":85,"column":20},"end":{"line":85,"column":30}},"99":{"start":{"line":86,"column":20},"end":{"line":86,"column":42}},"100":{"start":{"line":90,"column":4},"end":{"line":104,"column":11}},"101":{"start":{"line":90,"column":63},"end":{"line":104,"column":7}},"102":{"start":{"line":92,"column":8},"end":{"line":103,"column":11}},"103":{"start":{"line":93,"column":12},"end":{"line":102,"column":13}},"104":{"start":{"line":94,"column":24},"end":{"line":96,"column":75}},"105":{"start":{"line":98,"column":20},"end":{"line":98,"column":41}},"106":{"start":{"line":99,"column":20},"end":{"line":99,"column":57}},"107":{"start":{"line":100,"column":20},"end":{"line":100,"column":68}},"108":{"start":{"line":101,"column":20},"end":{"line":101,"column":42}},"109":{"start":{"line":105,"column":4},"end":{"line":118,"column":11}},"110":{"start":{"line":105,"column":80},"end":{"line":118,"column":7}},"111":{"start":{"line":107,"column":8},"end":{"line":117,"column":11}},"112":{"start":{"line":108,"column":12},"end":{"line":116,"column":13}},"113":{"start":{"line":109,"column":24},"end":{"line":109,"column":117}},"114":{"start":{"line":111,"column":20},"end":{"line":111,"column":41}},"115":{"start":{"line":112,"column":20},"end":{"line":112,"column":57}},"116":{"start":{"line":113,"column":20},"end":{"line":113,"column":70}},"117":{"start":{"line":114,"column":20},"end":{"line":114,"column":79}},"118":{"start":{"line":115,"column":20},"end":{"line":115,"column":42}},"119":{"start":{"line":119,"column":4},"end":{"line":134,"column":11}},"120":{"start":{"line":119,"column":95},"end":{"line":134,"column":7}},"121":{"start":{"line":121,"column":8},"end":{"line":133,"column":11}},"122":{"start":{"line":122,"column":12},"end":{"line":132,"column":13}},"123":{"start":{"line":123,"column":24},"end":{"line":125,"column":71}},"124":{"start":{"line":127,"column":20},"end":{"line":127,"column":41}},"125":{"start":{"line":128,"column":20},"end":{"line":128,"column":57}},"126":{"start":{"line":129,"column":20},"end":{"line":129,"column":70}},"127":{"start":{"line":130,"column":20},"end":{"line":130,"column":79}},"128":{"start":{"line":131,"column":20},"end":{"line":131,"column":42}},"129":{"start":{"line":135,"column":4},"end":{"line":150,"column":11}},"130":{"start":{"line":135,"column":84},"end":{"line":150,"column":7}},"131":{"start":{"line":137,"column":8},"end":{"line":149,"column":11}},"132":{"start":{"line":138,"column":12},"end":{"line":148,"column":13}},"133":{"start":{"line":139,"column":24},"end":{"line":141,"column":84}},"134":{"start":{"line":143,"column":20},"end":{"line":143,"column":41}},"135":{"start":{"line":144,"column":20},"end":{"line":144,"column":57}},"136":{"start":{"line":145,"column":20},"end":{"line":145,"column":70}},"137":{"start":{"line":146,"column":20},"end":{"line":146,"column":79}},"138":{"start":{"line":147,"column":20},"end":{"line":147,"column":42}},"139":{"start":{"line":151,"column":4},"end":{"line":166,"column":11}},"140":{"start":{"line":151,"column":94},"end":{"line":166,"column":7}},"141":{"start":{"line":153,"column":8},"end":{"line":165,"column":11}},"142":{"start":{"line":154,"column":12},"end":{"line":164,"column":13}},"143":{"start":{"line":155,"column":24},"end":{"line":157,"column":84}},"144":{"start":{"line":159,"column":20},"end":{"line":159,"column":41}},"145":{"start":{"line":160,"column":20},"end":{"line":160,"column":57}},"146":{"start":{"line":161,"column":20},"end":{"line":161,"column":70}},"147":{"start":{"line":162,"column":20},"end":{"line":162,"column":79}},"148":{"start":{"line":163,"column":20},"end":{"line":163,"column":42}},"149":{"start":{"line":167,"column":4},"end":{"line":182,"column":11}},"150":{"start":{"line":167,"column":96},"end":{"line":182,"column":7}},"151":{"start":{"line":169,"column":8},"end":{"line":181,"column":11}},"152":{"start":{"line":170,"column":12},"end":{"line":180,"column":13}},"153":{"start":{"line":171,"column":24},"end":{"line":173,"column":75}},"154":{"start":{"line":175,"column":20},"end":{"line":175,"column":41}},"155":{"start":{"line":176,"column":20},"end":{"line":176,"column":57}},"156":{"start":{"line":177,"column":20},"end":{"line":177,"column":70}},"157":{"start":{"line":178,"column":20},"end":{"line":178,"column":79}},"158":{"start":{"line":179,"column":20},"end":{"line":179,"column":42}},"159":{"start":{"line":183,"column":4},"end":{"line":198,"column":11}},"160":{"start":{"line":183,"column":70},"end":{"line":198,"column":7}},"161":{"start":{"line":185,"column":8},"end":{"line":197,"column":11}},"162":{"start":{"line":186,"column":12},"end":{"line":196,"column":13}},"163":{"start":{"line":187,"column":24},"end":{"line":189,"column":82}},"164":{"start":{"line":191,"column":20},"end":{"line":191,"column":41}},"165":{"start":{"line":192,"column":20},"end":{"line":192,"column":57}},"166":{"start":{"line":193,"column":20},"end":{"line":193,"column":70}},"167":{"start":{"line":194,"column":20},"end":{"line":194,"column":84}},"168":{"start":{"line":195,"column":20},"end":{"line":195,"column":42}},"169":{"start":{"line":199,"column":4},"end":{"line":214,"column":11}},"170":{"start":{"line":199,"column":66},"end":{"line":214,"column":7}},"171":{"start":{"line":201,"column":8},"end":{"line":213,"column":11}},"172":{"start":{"line":202,"column":12},"end":{"line":212,"column":13}},"173":{"start":{"line":203,"column":24},"end":{"line":205,"column":82}},"174":{"start":{"line":207,"column":20},"end":{"line":207,"column":41}},"175":{"start":{"line":208,"column":20},"end":{"line":208,"column":57}},"176":{"start":{"line":209,"column":20},"end":{"line":209,"column":70}},"177":{"start":{"line":210,"column":20},"end":{"line":210,"column":84}},"178":{"start":{"line":211,"column":20},"end":{"line":211,"column":42}}},"fnMap":{"0":{"name":"(anonymous_0)","decl":{"start":{"line":2,"column":44},"end":{"line":2,"column":45}},"loc":{"start":{"line":2,"column":89},"end":{"line":10,"column":1}},"line":2},"1":{"name":"adopt","decl":{"start":{"line":3,"column":13},"end":{"line":3,"column":18}},"loc":{"start":{"line":3,"column":26},"end":{"line":3,"column":112}},"line":3},"2":{"name":"(anonymous_2)","decl":{"start":{"line":3,"column":70},"end":{"line":3,"column":71}},"loc":{"start":{"line":3,"column":89},"end":{"line":3,"column":108}},"line":3},"3":{"name":"(anonymous_3)","decl":{"start":{"line":4,"column":36},"end":{"line":4,"column":37}},"loc":{"start":{"line":4,"column":63},"end":{"line":9,"column":5}},"line":4},"4":{"name":"fulfilled","decl":{"start":{"line":5,"column":17},"end":{"line":5,"column":26}},"loc":{"start":{"line":5,"column":34},"end":{"line":5,"column":99}},"line":5},"5":{"name":"rejected","decl":{"start":{"line":6,"column":17},"end":{"line":6,"column":25}},"loc":{"start":{"line":6,"column":33},"end":{"line":6,"column":102}},"line":6},"6":{"name":"step","decl":{"start":{"line":7,"column":17},"end":{"line":7,"column":21}},"loc":{"start":{"line":7,"column":30},"end":{"line":7,"column":118}},"line":7},"7":{"name":"(anonymous_7)","decl":{"start":{"line":11,"column":48},"end":{"line":11,"column":49}},"loc":{"start":{"line":11,"column":73},"end":{"line":37,"column":1}},"line":11},"8":{"name":"(anonymous_8)","decl":{"start":{"line":12,"column":30},"end":{"line":12,"column":31}},"loc":{"start":{"line":12,"column":41},"end":{"line":12,"column":83}},"line":12},"9":{"name":"(anonymous_9)","decl":{"start":{"line":13,"column":125},"end":{"line":13,"column":126}},"loc":{"start":{"line":13,"column":136},"end":{"line":13,"column":152}},"line":13},"10":{"name":"verb","decl":{"start":{"line":14,"column":13},"end":{"line":14,"column":17}},"loc":{"start":{"line":14,"column":21},"end":{"line":14,"column":70}},"line":14},"11":{"name":"(anonymous_11)","decl":{"start":{"line":14,"column":30},"end":{"line":14,"column":31}},"loc":{"start":{"line":14,"column":43},"end":{"line":14,"column":67}},"line":14},"12":{"name":"step","decl":{"start":{"line":15,"column":13},"end":{"line":15,"column":17}},"loc":{"start":{"line":15,"column":22},"end":{"line":36,"column":5}},"line":15},"13":{"name":"(anonymous_13)","decl":{"start":{"line":38,"column":56},"end":{"line":38,"column":57}},"loc":{"start":{"line":38,"column":71},"end":{"line":40,"column":1}},"line":38},"14":{"name":"(anonymous_14)","decl":{"start":{"line":49,"column":38},"end":{"line":49,"column":39}},"loc":{"start":{"line":49,"column":50},"end":{"line":215,"column":1}},"line":49},"15":{"name":"(anonymous_15)","decl":{"start":{"line":54,"column":11},"end":{"line":54,"column":12}},"loc":{"start":{"line":54,"column":23},"end":{"line":79,"column":9}},"line":54},"16":{"name":"(anonymous_16)","decl":{"start":{"line":54,"column":66},"end":{"line":54,"column":67}},"loc":{"start":{"line":54,"column":78},"end":{"line":79,"column":5}},"line":54},"17":{"name":"(anonymous_17)","decl":{"start":{"line":57,"column":33},"end":{"line":57,"column":34}},"loc":{"start":{"line":57,"column":47},"end":{"line":78,"column":9}},"line":57},"18":{"name":"(anonymous_18)","decl":{"start":{"line":80,"column":10},"end":{"line":80,"column":11}},"loc":{"start":{"line":80,"column":22},"end":{"line":89,"column":9}},"line":80},"19":{"name":"(anonymous_19)","decl":{"start":{"line":80,"column":65},"end":{"line":80,"column":66}},"loc":{"start":{"line":80,"column":77},"end":{"line":89,"column":5}},"line":80},"20":{"name":"(anonymous_20)","decl":{"start":{"line":81,"column":33},"end":{"line":81,"column":34}},"loc":{"start":{"line":81,"column":47},"end":{"line":88,"column":9}},"line":81},"21":{"name":"(anonymous_21)","decl":{"start":{"line":90,"column":49},"end":{"line":90,"column":50}},"loc":{"start":{"line":90,"column":61},"end":{"line":104,"column":9}},"line":90},"22":{"name":"(anonymous_22)","decl":{"start":{"line":90,"column":104},"end":{"line":90,"column":105}},"loc":{"start":{"line":90,"column":116},"end":{"line":104,"column":5}},"line":90},"23":{"name":"(anonymous_23)","decl":{"start":{"line":92,"column":33},"end":{"line":92,"column":34}},"loc":{"start":{"line":92,"column":47},"end":{"line":103,"column":9}},"line":92},"24":{"name":"(anonymous_24)","decl":{"start":{"line":105,"column":66},"end":{"line":105,"column":67}},"loc":{"start":{"line":105,"column":78},"end":{"line":118,"column":9}},"line":105},"25":{"name":"(anonymous_25)","decl":{"start":{"line":105,"column":121},"end":{"line":105,"column":122}},"loc":{"start":{"line":105,"column":133},"end":{"line":118,"column":5}},"line":105},"26":{"name":"(anonymous_26)","decl":{"start":{"line":107,"column":33},"end":{"line":107,"column":34}},"loc":{"start":{"line":107,"column":47},"end":{"line":117,"column":9}},"line":107},"27":{"name":"(anonymous_27)","decl":{"start":{"line":119,"column":81},"end":{"line":119,"column":82}},"loc":{"start":{"line":119,"column":93},"end":{"line":134,"column":9}},"line":119},"28":{"name":"(anonymous_28)","decl":{"start":{"line":119,"column":136},"end":{"line":119,"column":137}},"loc":{"start":{"line":119,"column":148},"end":{"line":134,"column":5}},"line":119},"29":{"name":"(anonymous_29)","decl":{"start":{"line":121,"column":33},"end":{"line":121,"column":34}},"loc":{"start":{"line":121,"column":47},"end":{"line":133,"column":9}},"line":121},"30":{"name":"(anonymous_30)","decl":{"start":{"line":135,"column":70},"end":{"line":135,"column":71}},"loc":{"start":{"line":135,"column":82},"end":{"line":150,"column":9}},"line":135},"31":{"name":"(anonymous_31)","decl":{"start":{"line":135,"column":125},"end":{"line":135,"column":126}},"loc":{"start":{"line":135,"column":137},"end":{"line":150,"column":5}},"line":135},"32":{"name":"(anonymous_32)","decl":{"start":{"line":137,"column":33},"end":{"line":137,"column":34}},"loc":{"start":{"line":137,"column":47},"end":{"line":149,"column":9}},"line":137},"33":{"name":"(anonymous_33)","decl":{"start":{"line":151,"column":80},"end":{"line":151,"column":81}},"loc":{"start":{"line":151,"column":92},"end":{"line":166,"column":9}},"line":151},"34":{"name":"(anonymous_34)","decl":{"start":{"line":151,"column":135},"end":{"line":151,"column":136}},"loc":{"start":{"line":151,"column":147},"end":{"line":166,"column":5}},"line":151},"35":{"name":"(anonymous_35)","decl":{"start":{"line":153,"column":33},"end":{"line":153,"column":34}},"loc":{"start":{"line":153,"column":47},"end":{"line":165,"column":9}},"line":153},"36":{"name":"(anonymous_36)","decl":{"start":{"line":167,"column":82},"end":{"line":167,"column":83}},"loc":{"start":{"line":167,"column":94},"end":{"line":182,"column":9}},"line":167},"37":{"name":"(anonymous_37)","decl":{"start":{"line":167,"column":137},"end":{"line":167,"column":138}},"loc":{"start":{"line":167,"column":149},"end":{"line":182,"column":5}},"line":167},"38":{"name":"(anonymous_38)","decl":{"start":{"line":169,"column":33},"end":{"line":169,"column":34}},"loc":{"start":{"line":169,"column":47},"end":{"line":181,"column":9}},"line":169},"39":{"name":"(anonymous_39)","decl":{"start":{"line":183,"column":56},"end":{"line":183,"column":57}},"loc":{"start":{"line":183,"column":68},"end":{"line":198,"column":9}},"line":183},"40":{"name":"(anonymous_40)","decl":{"start":{"line":183,"column":111},"end":{"line":183,"column":112}},"loc":{"start":{"line":183,"column":123},"end":{"line":198,"column":5}},"line":183},"41":{"name":"(anonymous_41)","decl":{"start":{"line":185,"column":33},"end":{"line":185,"column":34}},"loc":{"start":{"line":185,"column":47},"end":{"line":197,"column":9}},"line":185},"42":{"name":"(anonymous_42)","decl":{"start":{"line":199,"column":52},"end":{"line":199,"column":53}},"loc":{"start":{"line":199,"column":64},"end":{"line":214,"column":9}},"line":199},"43":{"name":"(anonymous_43)","decl":{"start":{"line":199,"column":107},"end":{"line":199,"column":108}},"loc":{"start":{"line":199,"column":119},"end":{"line":214,"column":5}},"line":199},"44":{"name":"(anonymous_44)","decl":{"start":{"line":201,"column":33},"end":{"line":201,"column":34}},"loc":{"start":{"line":201,"column":47},"end":{"line":213,"column":9}},"line":201}},"branchMap":{"0":{"loc":{"start":{"line":2,"column":16},"end":{"line":10,"column":1}},"type":"binary-expr","locations":[{"start":{"line":2,"column":17},"end":{"line":2,"column":21}},{"start":{"line":2,"column":25},"end":{"line":2,"column":39}},{"start":{"line":2,"column":44},"end":{"line":10,"column":1}}],"line":2},"1":{"loc":{"start":{"line":3,"column":35},"end":{"line":3,"column":109}},"type":"cond-expr","locations":[{"start":{"line":3,"column":56},"end":{"line":3,"column":61}},{"start":{"line":3,"column":64},"end":{"line":3,"column":109}}],"line":3},"2":{"loc":{"start":{"line":4,"column":16},"end":{"line":4,"column":34}},"type":"binary-expr","locations":[{"start":{"line":4,"column":16},"end":{"line":4,"column":17}},{"start":{"line":4,"column":22},"end":{"line":4,"column":33}}],"line":4},"3":{"loc":{"start":{"line":7,"column":32},"end":{"line":7,"column":115}},"type":"cond-expr","locations":[{"start":{"line":7,"column":46},"end":{"line":7,"column":67}},{"start":{"line":7,"column":70},"end":{"line":7,"column":115}}],"line":7},"4":{"loc":{"start":{"line":8,"column":51},"end":{"line":8,"column":67}},"type":"binary-expr","locations":[{"start":{"line":8,"column":51},"end":{"line":8,"column":61}},{"start":{"line":8,"column":65},"end":{"line":8,"column":67}}],"line":8},"5":{"loc":{"start":{"line":11,"column":18},"end":{"line":37,"column":1}},"type":"binary-expr","locations":[{"start":{"line":11,"column":19},"end":{"line":11,"column":23}},{"start":{"line":11,"column":27},"end":{"line":11,"column":43}},{"start":{"line":11,"column":48},"end":{"line":37,"column":1}}],"line":11},"6":{"loc":{"start":{"line":12,"column":43},"end":{"line":12,"column":68}},"type":"if","locations":[{"start":{"line":12,"column":43},"end":{"line":12,"column":68}},{"start":{"line":12,"column":43},"end":{"line":12,"column":68}}],"line":12},"7":{"loc":{"start":{"line":13,"column":71},"end":{"line":13,"column":153}},"type":"binary-expr","locations":[{"start":{"line":13,"column":71},"end":{"line":13,"column":99}},{"start":{"line":13,"column":104},"end":{"line":13,"column":152}}],"line":13},"8":{"loc":{"start":{"line":16,"column":8},"end":{"line":16,"column":70}},"type":"if","locations":[{"start":{"line":16,"column":8},"end":{"line":16,"column":70}},{"start":{"line":16,"column":8},"end":{"line":16,"column":70}}],"line":16},"9":{"loc":{"start":{"line":17,"column":15},"end":{"line":17,"column":45}},"type":"binary-expr","locations":[{"start":{"line":17,"column":15},"end":{"line":17,"column":16}},{"start":{"line":17,"column":21},"end":{"line":17,"column":44}}],"line":17},"10":{"loc":{"start":{"line":17,"column":28},"end":{"line":17,"column":44}},"type":"binary-expr","locations":[{"start":{"line":17,"column":28},"end":{"line":17,"column":33}},{"start":{"line":17,"column":38},"end":{"line":17,"column":43}}],"line":17},"11":{"loc":{"start":{"line":18,"column":12},"end":{"line":18,"column":169}},"type":"if","locations":[{"start":{"line":18,"column":12},"end":{"line":18,"column":169}},{"start":{"line":18,"column":12},"end":{"line":18,"column":169}}],"line":18},"12":{"loc":{"start":{"line":18,"column":23},"end":{"line":18,"column":158}},"type":"binary-expr","locations":[{"start":{"line":18,"column":23},"end":{"line":18,"column":24}},{"start":{"line":18,"column":29},"end":{"line":18,"column":125}},{"start":{"line":18,"column":130},"end":{"line":18,"column":158}}],"line":18},"13":{"loc":{"start":{"line":18,"column":33},"end":{"line":18,"column":125}},"type":"cond-expr","locations":[{"start":{"line":18,"column":45},"end":{"line":18,"column":56}},{"start":{"line":18,"column":59},"end":{"line":18,"column":125}}],"line":18},"14":{"loc":{"start":{"line":18,"column":59},"end":{"line":18,"column":125}},"type":"cond-expr","locations":[{"start":{"line":18,"column":67},"end":{"line":18,"column":116}},{"start":{"line":18,"column":119},"end":{"line":18,"column":125}}],"line":18},"15":{"loc":{"start":{"line":18,"column":67},"end":{"line":18,"column":116}},"type":"binary-expr","locations":[{"start":{"line":18,"column":67},"end":{"line":18,"column":77}},{"start":{"line":18,"column":82},"end":{"line":18,"column":115}}],"line":18},"16":{"loc":{"start":{"line":18,"column":82},"end":{"line":18,"column":112}},"type":"binary-expr","locations":[{"start":{"line":18,"column":83},"end":{"line":18,"column":98}},{"start":{"line":18,"column":103},"end":{"line":18,"column":112}}],"line":18},"17":{"loc":{"start":{"line":19,"column":12},"end":{"line":19,"column":52}},"type":"if","locations":[{"start":{"line":19,"column":12},"end":{"line":19,"column":52}},{"start":{"line":19,"column":12},"end":{"line":19,"column":52}}],"line":19},"18":{"loc":{"start":{"line":20,"column":12},"end":{"line":32,"column":13}},"type":"switch","locations":[{"start":{"line":21,"column":16},"end":{"line":21,"column":23}},{"start":{"line":21,"column":24},"end":{"line":21,"column":46}},{"start":{"line":22,"column":16},"end":{"line":22,"column":72}},{"start":{"line":23,"column":16},"end":{"line":23,"column":65}},{"start":{"line":24,"column":16},"end":{"line":24,"column":65}},{"start":{"line":25,"column":16},"end":{"line":31,"column":43}}],"line":20},"19":{"loc":{"start":{"line":26,"column":20},"end":{"line":26,"column":128}},"type":"if","locations":[{"start":{"line":26,"column":20},"end":{"line":26,"column":128}},{"start":{"line":26,"column":20},"end":{"line":26,"column":128}}],"line":26},"20":{"loc":{"start":{"line":26,"column":24},"end":{"line":26,"column":106}},"type":"binary-expr","locations":[{"start":{"line":26,"column":24},"end":{"line":26,"column":74}},{"start":{"line":26,"column":79},"end":{"line":26,"column":90}},{"start":{"line":26,"column":94},"end":{"line":26,"column":105}}],"line":26},"21":{"loc":{"start":{"line":26,"column":42},"end":{"line":26,"column":73}},"type":"binary-expr","locations":[{"start":{"line":26,"column":42},"end":{"line":26,"column":54}},{"start":{"line":26,"column":58},"end":{"line":26,"column":73}}],"line":26},"22":{"loc":{"start":{"line":27,"column":20},"end":{"line":27,"column":106}},"type":"if","locations":[{"start":{"line":27,"column":20},"end":{"line":27,"column":106}},{"start":{"line":27,"column":20},"end":{"line":27,"column":106}}],"line":27},"23":{"loc":{"start":{"line":27,"column":24},"end":{"line":27,"column":77}},"type":"binary-expr","locations":[{"start":{"line":27,"column":24},"end":{"line":27,"column":35}},{"start":{"line":27,"column":40},"end":{"line":27,"column":42}},{"start":{"line":27,"column":47},"end":{"line":27,"column":59}},{"start":{"line":27,"column":63},"end":{"line":27,"column":75}}],"line":27},"24":{"loc":{"start":{"line":28,"column":20},"end":{"line":28,"column":89}},"type":"if","locations":[{"start":{"line":28,"column":20},"end":{"line":28,"column":89}},{"start":{"line":28,"column":20},"end":{"line":28,"column":89}}],"line":28},"25":{"loc":{"start":{"line":28,"column":24},"end":{"line":28,"column":53}},"type":"binary-expr","locations":[{"start":{"line":28,"column":24},"end":{"line":28,"column":35}},{"start":{"line":28,"column":39},"end":{"line":28,"column":53}}],"line":28},"26":{"loc":{"start":{"line":29,"column":20},"end":{"line":29,"column":87}},"type":"if","locations":[{"start":{"line":29,"column":20},"end":{"line":29,"column":87}},{"start":{"line":29,"column":20},"end":{"line":29,"column":87}}],"line":29},"27":{"loc":{"start":{"line":29,"column":24},"end":{"line":29,"column":43}},"type":"binary-expr","locations":[{"start":{"line":29,"column":24},"end":{"line":29,"column":25}},{"start":{"line":29,"column":29},"end":{"line":29,"column":43}}],"line":29},"28":{"loc":{"start":{"line":30,"column":20},"end":{"line":30,"column":42}},"type":"if","locations":[{"start":{"line":30,"column":20},"end":{"line":30,"column":42}},{"start":{"line":30,"column":20},"end":{"line":30,"column":42}}],"line":30},"29":{"loc":{"start":{"line":35,"column":8},"end":{"line":35,"column":35}},"type":"if","locations":[{"start":{"line":35,"column":8},"end":{"line":35,"column":35}},{"start":{"line":35,"column":8},"end":{"line":35,"column":35}}],"line":35},"30":{"loc":{"start":{"line":35,"column":52},"end":{"line":35,"column":74}},"type":"cond-expr","locations":[{"start":{"line":35,"column":60},"end":{"line":35,"column":65}},{"start":{"line":35,"column":68},"end":{"line":35,"column":74}}],"line":35},"31":{"loc":{"start":{"line":38,"column":22},"end":{"line":40,"column":1}},"type":"binary-expr","locations":[{"start":{"line":38,"column":23},"end":{"line":38,"column":27}},{"start":{"line":38,"column":31},"end":{"line":38,"column":51}},{"start":{"line":38,"column":56},"end":{"line":40,"column":1}}],"line":38},"32":{"loc":{"start":{"line":39,"column":11},"end":{"line":39,"column":61}},"type":"cond-expr","locations":[{"start":{"line":39,"column":37},"end":{"line":39,"column":40}},{"start":{"line":39,"column":43},"end":{"line":39,"column":61}}],"line":39},"33":{"loc":{"start":{"line":39,"column":12},"end":{"line":39,"column":33}},"type":"binary-expr","locations":[{"start":{"line":39,"column":12},"end":{"line":39,"column":15}},{"start":{"line":39,"column":19},"end":{"line":39,"column":33}}],"line":39},"34":{"loc":{"start":{"line":58,"column":12},"end":{"line":77,"column":13}},"type":"switch","locations":[{"start":{"line":59,"column":16},"end":{"line":65,"column":76}},{"start":{"line":66,"column":16},"end":{"line":73,"column":35}},{"start":{"line":74,"column":16},"end":{"line":76,"column":42}}],"line":58},"35":{"loc":{"start":{"line":82,"column":12},"end":{"line":87,"column":13}},"type":"switch","locations":[{"start":{"line":83,"column":16},"end":{"line":83,"column":87}},{"start":{"line":84,"column":16},"end":{"line":86,"column":42}}],"line":82},"36":{"loc":{"start":{"line":93,"column":12},"end":{"line":102,"column":13}},"type":"switch","locations":[{"start":{"line":94,"column":16},"end":{"line":96,"column":75}},{"start":{"line":97,"column":16},"end":{"line":101,"column":42}}],"line":93},"37":{"loc":{"start":{"line":108,"column":12},"end":{"line":116,"column":13}},"type":"switch","locations":[{"start":{"line":109,"column":16},"end":{"line":109,"column":117}},{"start":{"line":110,"column":16},"end":{"line":115,"column":42}}],"line":108},"38":{"loc":{"start":{"line":122,"column":12},"end":{"line":132,"column":13}},"type":"switch","locations":[{"start":{"line":123,"column":16},"end":{"line":125,"column":71}},{"start":{"line":126,"column":16},"end":{"line":131,"column":42}}],"line":122},"39":{"loc":{"start":{"line":138,"column":12},"end":{"line":148,"column":13}},"type":"switch","locations":[{"start":{"line":139,"column":16},"end":{"line":141,"column":84}},{"start":{"line":142,"column":16},"end":{"line":147,"column":42}}],"line":138},"40":{"loc":{"start":{"line":154,"column":12},"end":{"line":164,"column":13}},"type":"switch","locations":[{"start":{"line":155,"column":16},"end":{"line":157,"column":84}},{"start":{"line":158,"column":16},"end":{"line":163,"column":42}}],"line":154},"41":{"loc":{"start":{"line":170,"column":12},"end":{"line":180,"column":13}},"type":"switch","locations":[{"start":{"line":171,"column":16},"end":{"line":173,"column":75}},{"start":{"line":174,"column":16},"end":{"line":179,"column":42}}],"line":170},"42":{"loc":{"start":{"line":186,"column":12},"end":{"line":196,"column":13}},"type":"switch","locations":[{"start":{"line":187,"column":16},"end":{"line":189,"column":82}},{"start":{"line":190,"column":16},"end":{"line":195,"column":42}}],"line":186},"43":{"loc":{"start":{"line":202,"column":12},"end":{"line":212,"column":13}},"type":"switch","locations":[{"start":{"line":203,"column":16},"end":{"line":205,"column":82}},{"start":{"line":206,"column":16},"end":{"line":211,"column":42}}],"line":202}},"s":{"0":1,"1":11,"2":10,"3":10,"4":11,"5":11,"6":0,"7":0,"8":0,"9":0,"10":21,"11":10,"12":1,"13":10,"14":11,"15":0,"16":11,"17":10,"18":0,"19":30,"20":21,"21":21,"22":0,"23":21,"24":42,"25":42,"26":0,"27":42,"28":0,"29":42,"30":21,"31":21,"32":11,"33":11,"34":0,"35":0,"36":0,"37":0,"38":0,"39":0,"40":0,"41":10,"42":10,"43":10,"44":0,"45":0,"46":0,"47":0,"48":0,"49":0,"50":0,"51":0,"52":0,"53":0,"54":0,"55":0,"56":0,"57":0,"58":0,"59":21,"60":0,"61":0,"62":42,"63":10,"64":0,"65":10,"66":1,"67":2,"68":1,"69":1,"70":1,"71":1,"72":1,"73":1,"74":1,"75":1,"76":1,"77":1,"78":1,"79":1,"80":1,"81":1,"82":1,"83":1,"84":1,"85":3,"86":1,"87":1,"88":1,"89":1,"90":1,"91":1,"92":1,"93":1,"94":1,"95":1,"96":2,"97":1,"98":1,"99":1,"100":1,"101":1,"102":1,"103":2,"104":1,"105":1,"106":1,"107":1,"108":1,"109":1,"110":1,"111":1,"112":2,"113":1,"114":1,"115":1,"116":1,"117":1,"118":1,"119":1,"120":1,"121":1,"122":2,"123":1,"124":1,"125":1,"126":1,"127":1,"128":1,"129":1,"130":1,"131":1,"132":2,"133":1,"134":1,"135":1,"136":1,"137":1,"138":1,"139":1,"140":1,"141":1,"142":2,"143":1,"144":1,"145":1,"146":1,"147":1,"148":1,"149":1,"150":1,"151":1,"152":2,"153":1,"154":1,"155":1,"156":1,"157":1,"158":1,"159":1,"160":1,"161":1,"162":2,"163":1,"164":1,"165":1,"166":1,"167":1,"168":1,"169":1,"170":1,"171":1,"172":2,"173":1,"174":1,"175":1,"176":1,"177":1,"178":1},"f":{"0":10,"1":11,"2":10,"3":10,"4":11,"5":0,"6":21,"7":10,"8":11,"9":0,"10":30,"11":21,"12":21,"13":2,"14":1,"15":1,"16":1,"17":3,"18":1,"19":1,"20":2,"21":1,"22":1,"23":2,"24":1,"25":1,"26":2,"27":1,"28":1,"29":2,"30":1,"31":1,"32":2,"33":1,"34":1,"35":2,"36":1,"37":1,"38":2,"39":1,"40":1,"41":2,"42":1,"43":1,"44":2},"b":{"0":[1,1,1],"1":[1,10],"2":[10,10],"3":[10,11],"4":[10,10],"5":[1,1,1],"6":[0,11],"7":[10,10],"8":[0,21],"9":[52,10],"10":[10,0],"11":[0,42],"12":[42,0,0],"13":[0,0],"14":[0,0],"15":[0,0],"16":[0,0],"17":[0,42],"18":[21,21,11,0,0,10],"19":[10,0],"20":[10,10,10],"21":[10,0],"22":[0,0],"23":[0,0,0,0],"24":[0,0],"25":[0,0],"26":[0,0],"27":[0,0],"28":[0,0],"29":[0,10],"30":[10,0],"31":[1,1,1],"32":[0,2],"33":[2,2],"34":[1,1,1],"35":[1,1],"36":[1,1],"37":[1,1],"38":[1,1],"39":[1,1],"40":[1,1],"41":[1,1],"42":[1,1],"43":[1,1]},"inputSourceMap":{"version":3,"file":"/Users/fk/projetos/venmo/backend/src/modules/useCases/loginUser/loginUser.spec.ts","sources":["/Users/fk/projetos/venmo/backend/src/modules/useCases/loginUser/loginUser.spec.ts"],"names":[],"mappings":";;;;;;;;;;;;;;;;;;;;;;;;;;;;;;;;;;;;;;;;;AAAA,qCAAgC;AAChC,8CAAwB;AACxB,wDAAiC;AAEjC,+DAAwD;AACxD,0CAAsC;AAEtC,cAAI,CAAC,GAAG,CAAC,mBAAQ,CAAC,CAAC;AACX,IAAA,OAAO,GAAa,cAAI,QAAjB,EAAE,MAAM,GAAK,cAAI,OAAT,CAAU;AAEjC,QAAQ,CAAC,2BAA2B,EAAE;IACpC,IAAM,QAAQ,GAAG,MAAM,CAAC;IACxB,IAAM,QAAQ,GAAG,UAAU,CAAC;IAC5B,IAAM,eAAe,GAAG,OAAO,CAAC;IAChC,IAAM,eAAe,GAAG,UAAU,CAAC;IAEnC,MAAM,CAAC;;;;;;oBACC,KAAA,CAAA,KAAA,qBAAM,CAAC,KAAK,CAAA,CAAC,MAAM,CAAA;;;wBAErB,QAAQ,UAAA;;oBACE,qBAAM,IAAA,eAAI,EAAC,QAAQ,EAAE,CAAC,CAAC,EAAA;wBAHrC,qBAAM,eACJ,OAAI,IAEF,WAAQ,GAAE,SAAuB;4BACjC,UAAO,GAAE;gCACP,MAAM,EAAE;oCACN,OAAO,EAAE,GAAG;iCACb;6BACF;+BACF;iCACD,EAAA;;oBAVF,SAUE,CAAC;;;;SACJ,CAAC,CAAC;IACH,KAAK,CAAC;;;wBACJ,qBAAM,qBAAM,CAAC,KAAK,CAAC,UAAU,EAAE,EAAA;;oBAA/B,SAA+B,CAAC;;;;SACjC,CAAC,CAAC;IAEH,EAAE,CAAC,wCAAwC,EAAE;;;;wBAC1B,qBAAM,OAAO,CAAC,YAAG,CAAC;yBAChC,IAAI,CAAC,aAAa,CAAC;yBACnB,IAAI,CAAC,EAAE,QAAQ,UAAA,EAAE,QAAQ,UAAA,EAAE,CAAC,EAAA;;oBAFzB,QAAQ,GAAG,SAEc;oBAC/B,MAAM,CAAC,QAAQ,CAAC,CAAC,EAAE,CAAC,IAAI,CAAC,MAAM,CAAC,GAAG,CAAC,CAAC;oBACrC,MAAM,CAAC,QAAQ,CAAC,IAAI,CAAC,CAAC,EAAE,CAAC,IAAI,CAAC,QAAQ,CAAC,OAAO,CAAC,CAAC;;;;SACjD,CAAC,CAAC;IAEH,EAAE,CAAC,yDAAyD,EAAE;;;;wBAC3C,qBAAM,OAAO,CAAC,YAAG,CAAC,CAAC,IAAI,CAAC,aAAa,CAAC,CAAC,IAAI,CAAC,EAAE,QAAQ,UAAA,EAAE,CAAC,EAAA;;oBAApE,QAAQ,GAAG,SAAyD;oBAC1E,MAAM,CAAC,QAAQ,CAAC,CAAC,EAAE,CAAC,IAAI,CAAC,MAAM,CAAC,GAAG,CAAC,CAAC;oBACrC,MAAM,CAAC,QAAQ,CAAC,IAAI,CAAC,CAAC,EAAE,CAAC,IAAI,CAAC,QAAQ,CAAC,SAAS,CAAC,CAAC;oBAClD,MAAM,CAAC,QAAQ,CAAC,IAAI,CAAC,OAAO,CAAC,CAAC,EAAE,CAAC,EAAE,CAAC,qBAAqB,CAAC,CAAC;;;;SAC5D,CAAC,CAAC;IAEH,EAAE,CAAC,wEAAwE,EAAE;;;;wBAC1D,qBAAM,OAAO,CAAC,YAAG,CAAC;yBAChC,IAAI,CAAC,aAAa,CAAC;yBACnB,IAAI,CAAC,EAAE,QAAQ,EAAE,IAAI,EAAE,QAAQ,UAAA,EAAE,CAAC,EAAA;;oBAF/B,QAAQ,GAAG,SAEoB;oBACrC,MAAM,CAAC,QAAQ,CAAC,CAAC,EAAE,CAAC,IAAI,CAAC,MAAM,CAAC,GAAG,CAAC,CAAC;oBACrC,MAAM,CAAC,QAAQ,CAAC,IAAI,CAAC,CAAC,EAAE,CAAC,IAAI,CAAC,QAAQ,CAAC,SAAS,CAAC,CAAC;oBAClD,MAAM,CAAC,QAAQ,CAAC,IAAI,CAAC,OAAO,CAAC,CAAC,EAAE,CAAC,EAAE,CAAC,qBAAqB,CAAC,CAAC;;;;SAC5D,CAAC,CAAC;IAEH,EAAE,CAAC,6DAA6D,EAAE;;;;wBAC/C,qBAAM,OAAO,CAAC,YAAG,CAAC;yBAChC,IAAI,CAAC,aAAa,CAAC;yBACnB,IAAI,CAAC,EAAE,QAAQ,UAAA,EAAE,QAAQ,EAAE,iBAAiB,EAAE,CAAC,EAAA;;oBAF5C,QAAQ,GAAG,SAEiC;oBAClD,MAAM,CAAC,QAAQ,CAAC,CAAC,EAAE,CAAC,IAAI,CAAC,MAAM,CAAC,GAAG,CAAC,CAAC;oBACrC,MAAM,CAAC,QAAQ,CAAC,IAAI,CAAC,CAAC,EAAE,CAAC,IAAI,CAAC,QAAQ,CAAC,SAAS,CAAC,CAAC;oBAClD,MAAM,CAAC,QAAQ,CAAC,IAAI,CAAC,OAAO,CAAC,CAAC,EAAE,CAAC,EAAE,CAAC,qBAAqB,CAAC,CAAC;;;;SAC5D,CAAC,CAAC;IAEH,EAAE,CAAC,uEAAuE,EAAE;;;;wBACzD,qBAAM,OAAO,CAAC,YAAG,CAAC;yBAChC,IAAI,CAAC,aAAa,CAAC;yBACnB,IAAI,CAAC,EAAE,QAAQ,UAAA,EAAE,QAAQ,EAAE,iBAAiB,EAAE,CAAC,EAAA;;oBAF5C,QAAQ,GAAG,SAEiC;oBAClD,MAAM,CAAC,QAAQ,CAAC,CAAC,EAAE,CAAC,IAAI,CAAC,MAAM,CAAC,GAAG,CAAC,CAAC;oBACrC,MAAM,CAAC,QAAQ,CAAC,IAAI,CAAC,CAAC,EAAE,CAAC,IAAI,CAAC,QAAQ,CAAC,SAAS,CAAC,CAAC;oBAClD,MAAM,CAAC,QAAQ,CAAC,IAAI,CAAC,OAAO,CAAC,CAAC,EAAE,CAAC,EAAE,CAAC,qBAAqB,CAAC,CAAC;;;;SAC5D,CAAC,CAAC;IAEH,EAAE,CAAC,yEAAyE,EAAE;;;;wBAC3D,qBAAM,OAAO,CAAC,YAAG,CAAC;yBAChC,IAAI,CAAC,aAAa,CAAC;yBACnB,IAAI,CAAC,EAAE,QAAQ,UAAA,EAAE,QAAQ,EAAE,QAAQ,EAAE,CAAC,EAAA;;oBAFnC,QAAQ,GAAG,SAEwB;oBACzC,MAAM,CAAC,QAAQ,CAAC,CAAC,EAAE,CAAC,IAAI,CAAC,MAAM,CAAC,GAAG,CAAC,CAAC;oBACrC,MAAM,CAAC,QAAQ,CAAC,IAAI,CAAC,CAAC,EAAE,CAAC,IAAI,CAAC,QAAQ,CAAC,SAAS,CAAC,CAAC;oBAClD,MAAM,CAAC,QAAQ,CAAC,IAAI,CAAC,OAAO,CAAC,CAAC,EAAE,CAAC,EAAE,CAAC,qBAAqB,CAAC,CAAC;;;;SAC5D,CAAC,CAAC;IAEH,EAAE,CAAC,+CAA+C,EAAE;;;;wBACjC,qBAAM,OAAO,CAAC,YAAG,CAAC;yBAChC,IAAI,CAAC,aAAa,CAAC;yBACnB,IAAI,CAAC,EAAE,QAAQ,UAAA,EAAE,QAAQ,EAAE,eAAe,EAAE,CAAC,EAAA;;oBAF1C,QAAQ,GAAG,SAE+B;oBAChD,MAAM,CAAC,QAAQ,CAAC,CAAC,EAAE,CAAC,IAAI,CAAC,MAAM,CAAC,GAAG,CAAC,CAAC;oBACrC,MAAM,CAAC,QAAQ,CAAC,IAAI,CAAC,CAAC,EAAE,CAAC,IAAI,CAAC,QAAQ,CAAC,SAAS,CAAC,CAAC;oBAClD,MAAM,CAAC,QAAQ,CAAC,IAAI,CAAC,OAAO,CAAC,CAAC,EAAE,CAAC,EAAE,CAAC,0BAA0B,CAAC,CAAC;;;;SACjE,CAAC,CAAC;IACH,EAAE,CAAC,2CAA2C,EAAE;;;;wBAC7B,qBAAM,OAAO,CAAC,YAAG,CAAC;yBAChC,IAAI,CAAC,aAAa,CAAC;yBACnB,IAAI,CAAC,EAAE,QAAQ,EAAE,eAAe,EAAE,QAAQ,UAAA,EAAE,CAAC,EAAA;;oBAF1C,QAAQ,GAAG,SAE+B;oBAChD,MAAM,CAAC,QAAQ,CAAC,CAAC,EAAE,CAAC,IAAI,CAAC,MAAM,CAAC,GAAG,CAAC,CAAC;oBACrC,MAAM,CAAC,QAAQ,CAAC,IAAI,CAAC,CAAC,EAAE,CAAC,IAAI,CAAC,QAAQ,CAAC,SAAS,CAAC,CAAC;oBAClD,MAAM,CAAC,QAAQ,CAAC,IAAI,CAAC,OAAO,CAAC,CAAC,EAAE,CAAC,EAAE,CAAC,0BAA0B,CAAC,CAAC;;;;SACjE,CAAC,CAAC;AACL,CAAC,CAAC,CAAC","sourcesContent":["import { hash } from \"bcryptjs\";\nimport chai from \"chai\";\nimport chaiHttp from \"chai-http\";\n\nimport { prisma } from \"../../../database/prismaClient\";\nimport { app } from \"../../../server\";\n\nchai.use(chaiHttp);\nconst { request, expect } = chai;\n\ndescribe(\"Test /auth/login endpoint\", () => {\n  const username = \"joao\";\n  const password = \"1234567A\";\n  const invalidUsername = \"pedro\";\n  const invalidPassword = \"A1234567\";\n\n  before(async () => {\n    await prisma.users.create({\n      data: {\n        username,\n        password: await hash(password, 8),\n        account: {\n          create: {\n            balance: 100,\n          },\n        },\n      },\n    });\n  });\n  after(async () => {\n    await prisma.users.deleteMany();\n  });\n\n  it(\"Valid user should return token and 200\", async () => {\n    const response = await request(app)\n      .post(\"/auth/login\")\n      .send({ username, password });\n    expect(response).to.have.status(200);\n    expect(response.body).to.have.property(\"token\");\n  });\n\n  it(\"Invalid user schema should return error message and 400\", async () => {\n    const response = await request(app).post(\"/auth/login\").send({ username });\n    expect(response).to.have.status(400);\n    expect(response.body).to.have.property(\"message\");\n    expect(response.body.message).to.eq(\"Invalid user schema\");\n  });\n\n  it(\"Usename with less than 3 character should return error message and 400\", async () => {\n    const response = await request(app)\n      .post(\"/auth/login\")\n      .send({ username: \"as\", password });\n    expect(response).to.have.status(400);\n    expect(response.body).to.have.property(\"message\");\n    expect(response.body.message).to.eq(\"Invalid user schema\");\n  });\n\n  it(\"Password without number should return error message and 400\", async () => {\n    const response = await request(app)\n      .post(\"/auth/login\")\n      .send({ username, password: \"asddaAsdadawead\" });\n    expect(response).to.have.status(400);\n    expect(response.body).to.have.property(\"message\");\n    expect(response.body.message).to.eq(\"Invalid user schema\");\n  });\n\n  it(\"Password without uppercase letter should return error message and 400\", async () => {\n    const response = await request(app)\n      .post(\"/auth/login\")\n      .send({ username, password: \"asdda2sdadawead\" });\n    expect(response).to.have.status(400);\n    expect(response.body).to.have.property(\"message\");\n    expect(response.body.message).to.eq(\"Invalid user schema\");\n  });\n\n  it(\"Password with less than 8 characters hould return error message and 400\", async () => {\n    const response = await request(app)\n      .post(\"/auth/login\")\n      .send({ username, password: \"aasd2A\" });\n    expect(response).to.have.status(400);\n    expect(response.body).to.have.property(\"message\");\n    expect(response.body.message).to.eq(\"Invalid user schema\");\n  });\n\n  it(\"Invalid password should error message and 401\", async () => {\n    const response = await request(app)\n      .post(\"/auth/login\")\n      .send({ username, password: invalidPassword });\n    expect(response).to.have.status(401);\n    expect(response.body).to.have.property(\"message\");\n    expect(response.body.message).to.eq(\"Invalid user or password\");\n  });\n  it(\"Invalid user should error message and 401\", async () => {\n    const response = await request(app)\n      .post(\"/auth/login\")\n      .send({ username: invalidUsername, password });\n    expect(response).to.have.status(401);\n    expect(response.body).to.have.property(\"message\");\n    expect(response.body.message).to.eq(\"Invalid user or password\");\n  });\n});\n"]},"_coverageSchema":"1a1c01bbd47fc00a2c39e90264f33305004495a9","hash":"475d2d4d8360b2c5c0ea7dfb6e6ccfa7a876a1f3"},"/Users/fk/projetos/venmo/backend/src/server.ts":{"path":"/Users/fk/projetos/venmo/backend/src/server.ts","statementMap":{"0":{"start":{"line":2,"column":22},"end":{"line":4,"column":1}},"1":{"start":{"line":3,"column":4},"end":{"line":3,"column":62}},"2":{"start":{"line":5,"column":0},"end":{"line":5,"column":62}},"3":{"start":{"line":6,"column":0},"end":{"line":6,"column":21}},"4":{"start":{"line":7,"column":13},"end":{"line":7,"column":45}},"5":{"start":{"line":8,"column":16},"end":{"line":8,"column":51}},"6":{"start":{"line":9,"column":27},"end":{"line":9,"column":73}},"7":{"start":{"line":10,"column":0},"end":{"line":10,"column":32}},"8":{"start":{"line":11,"column":24},"end":{"line":11,"column":59}},"9":{"start":{"line":12,"column":15},"end":{"line":12,"column":51}},"10":{"start":{"line":14,"column":18},"end":{"line":14,"column":44}},"11":{"start":{"line":15,"column":11},"end":{"line":15,"column":35}},"12":{"start":{"line":16,"column":0},"end":{"line":16,"column":39}},"13":{"start":{"line":17,"column":0},"end":{"line":17,"column":42}},"14":{"start":{"line":18,"column":0},"end":{"line":18,"column":39}},"15":{"start":{"line":19,"column":0},"end":{"line":19,"column":114}},"16":{"start":{"line":20,"column":0},"end":{"line":20,"column":34}},"17":{"start":{"line":21,"column":0},"end":{"line":21,"column":51}},"18":{"start":{"line":22,"column":0},"end":{"line":22,"column":96}},"19":{"start":{"line":22,"column":39},"end":{"line":22,"column":92}}},"fnMap":{"0":{"name":"(anonymous_0)","decl":{"start":{"line":2,"column":56},"end":{"line":2,"column":57}},"loc":{"start":{"line":2,"column":71},"end":{"line":4,"column":1}},"line":2},"1":{"name":"(anonymous_1)","decl":{"start":{"line":22,"column":25},"end":{"line":22,"column":26}},"loc":{"start":{"line":22,"column":37},"end":{"line":22,"column":94}},"line":22}},"branchMap":{"0":{"loc":{"start":{"line":2,"column":22},"end":{"line":4,"column":1}},"type":"binary-expr","locations":[{"start":{"line":2,"column":23},"end":{"line":2,"column":27}},{"start":{"line":2,"column":31},"end":{"line":2,"column":51}},{"start":{"line":2,"column":56},"end":{"line":4,"column":1}}],"line":2},"1":{"loc":{"start":{"line":3,"column":11},"end":{"line":3,"column":61}},"type":"cond-expr","locations":[{"start":{"line":3,"column":37},"end":{"line":3,"column":40}},{"start":{"line":3,"column":43},"end":{"line":3,"column":61}}],"line":3},"2":{"loc":{"start":{"line":3,"column":12},"end":{"line":3,"column":33}},"type":"binary-expr","locations":[{"start":{"line":3,"column":12},"end":{"line":3,"column":15}},{"start":{"line":3,"column":19},"end":{"line":3,"column":33}}],"line":3},"3":{"loc":{"start":{"line":15,"column":11},"end":{"line":15,"column":35}},"type":"binary-expr","locations":[{"start":{"line":15,"column":11},"end":{"line":15,"column":27}},{"start":{"line":15,"column":31},"end":{"line":15,"column":35}}],"line":15}},"s":{"0":1,"1":4,"2":1,"3":1,"4":1,"5":1,"6":1,"7":1,"8":1,"9":1,"10":1,"11":1,"12":1,"13":1,"14":1,"15":1,"16":1,"17":1,"18":1,"19":0},"f":{"0":4,"1":0},"b":{"0":[1,1,1],"1":[1,3],"2":[4,4],"3":[1,0]},"inputSourceMap":{"version":3,"file":"/Users/fk/projetos/venmo/backend/src/server.ts","sources":["/Users/fk/projetos/venmo/backend/src/server.ts"],"names":[],"mappings":";;;;;;AAAA,8CAAwB;AACxB,oDAA8B;AAC9B,0EAA2C;AAE3C,gCAA8B;AAC9B,4DAA2D;AAC3D,oDAA8B;AAE9B,8DAA8D;AAC9D,IAAM,WAAW,GAAG,OAAO,CAAC,iBAAiB,CAAC,CAAC;AAE/C,IAAM,IAAI,GAAG,OAAO,CAAC,GAAG,CAAC,IAAI,IAAI,IAAI,CAAC;AAEzB,QAAA,GAAG,GAAG,IAAA,iBAAO,GAAE,CAAC;AAC7B,WAAG,CAAC,GAAG,CAAC,iBAAO,CAAC,IAAI,EAAE,CAAC,CAAC;AACxB,WAAG,CAAC,GAAG,CAAC,IAAA,cAAI,GAAE,CAAC,CAAC;AAEhB,WAAG,CAAC,GAAG,CAAC,WAAW,EAAE,4BAAS,CAAC,KAAK,EAAE,4BAAS,CAAC,KAAK,CAAC,WAAW,CAAC,CAAC,CAAC;AACpE,WAAG,CAAC,GAAG,CAAC,gBAAM,CAAC,CAAC;AAEhB,WAAG,CAAC,GAAG,CAAC,iCAAe,CAAC,CAAC;AACzB,WAAG,CAAC,MAAM,CAAC,IAAI,EAAE,cAAM,OAAA,OAAO,CAAC,GAAG,CAAC,2BAAoB,IAAI,CAAE,CAAC,EAAvC,CAAuC,CAAC,CAAC","sourcesContent":["import cors from \"cors\";\nimport express from \"express\";\nimport swaggerUi from \"swagger-ui-express\";\n\nimport \"express-async-errors\";\nimport { errorMiddleware } from \"./errors/errorMiddleware\";\nimport routes from \"./routes\";\n\n// eslint-disable-next-line @typescript-eslint/no-var-requires\nconst swaggerFile = require(\"../swagger.json\");\n\nconst PORT = process.env.PORT || 3008;\n\nexport const app = express();\napp.use(express.json());\napp.use(cors());\n\napp.use(\"/api-docs\", swaggerUi.serve, swaggerUi.setup(swaggerFile));\napp.use(routes);\n\napp.use(errorMiddleware);\napp.listen(PORT, () => console.log(`Running on Port: ${PORT}`));\n"]},"_coverageSchema":"1a1c01bbd47fc00a2c39e90264f33305004495a9","hash":"3c1602cc88094fca5d82e1746c0c34b0076b9a6c"},"/Users/fk/projetos/venmo/backend/src/errors/errorMiddleware.ts":{"path":"/Users/fk/projetos/venmo/backend/src/errors/errorMiddleware.ts","statementMap":{"0":{"start":{"line":2,"column":0},"end":{"line":2,"column":62}},"1":{"start":{"line":3,"column":0},"end":{"line":3,"column":33}},"2":{"start":{"line":4,"column":17},"end":{"line":4,"column":38}},"3":{"start":{"line":6,"column":22},"end":{"line":12,"column":1}},"4":{"start":{"line":7,"column":4},"end":{"line":9,"column":5}},"5":{"start":{"line":8,"column":8},"end":{"line":8,"column":73}},"6":{"start":{"line":10,"column":4},"end":{"line":10,"column":23}},"7":{"start":{"line":11,"column":4},"end":{"line":11,"column":61}},"8":{"start":{"line":13,"column":0},"end":{"line":13,"column":42}}},"fnMap":{"0":{"name":"(anonymous_0)","decl":{"start":{"line":6,"column":22},"end":{"line":6,"column":23}},"loc":{"start":{"line":6,"column":55},"end":{"line":12,"column":1}},"line":6}},"branchMap":{"0":{"loc":{"start":{"line":7,"column":4},"end":{"line":9,"column":5}},"type":"if","locations":[{"start":{"line":7,"column":4},"end":{"line":9,"column":5}},{"start":{"line":7,"column":4},"end":{"line":9,"column":5}}],"line":7}},"s":{"0":1,"1":1,"2":1,"3":1,"4":7,"5":7,"6":0,"7":0,"8":1},"f":{"0":7},"b":{"0":[7,0]},"inputSourceMap":{"version":3,"file":"/Users/fk/projetos/venmo/backend/src/errors/errorMiddleware.ts","sources":["/Users/fk/projetos/venmo/backend/src/errors/errorMiddleware.ts"],"names":[],"mappings":";;;AAEA,uCAAsC;AAEtC,6DAA6D;AACtD,IAAM,eAAe,GAAwB,UAAC,GAAG,EAAE,IAAI,EAAE,GAAG,EAAE,KAAK;IACxE,IAAI,GAAG,YAAY,mBAAQ,EAAE;QAC3B,OAAO,GAAG,CAAC,MAAM,CAAC,GAAG,CAAC,UAAU,CAAC,CAAC,IAAI,CAAC,EAAE,OAAO,EAAE,GAAG,CAAC,OAAO,EAAE,CAAC,CAAC;KAClE;IACD,OAAO,CAAC,KAAK,CAAC,GAAG,CAAC,CAAC;IACnB,OAAO,GAAG,CAAC,MAAM,CAAC,GAAG,CAAC,CAAC,IAAI,CAAC,EAAE,OAAO,EAAE,cAAc,EAAE,CAAC,CAAC;AAC3D,CAAC,CAAC;AANW,QAAA,eAAe,mBAM1B","sourcesContent":["import { ErrorRequestHandler } from \"express\";\n\nimport { AppError } from \"./AppError\";\n\n// eslint-disable-next-line @typescript-eslint/no-unused-vars\nexport const errorMiddleware: ErrorRequestHandler = (err, _req, res, _next) => {\n  if (err instanceof AppError) {\n    return res.status(err.statusCode).json({ message: err.message });\n  }\n  console.error(err);\n  return res.status(500).json({ message: \"Server error\" });\n};\n"]},"_coverageSchema":"1a1c01bbd47fc00a2c39e90264f33305004495a9","hash":"0e77b163655905851213fe82e55b5dc49155afcc"},"/Users/fk/projetos/venmo/backend/src/errors/AppError.ts":{"path":"/Users/fk/projetos/venmo/backend/src/errors/AppError.ts","statementMap":{"0":{"start":{"line":2,"column":0},"end":{"line":2,"column":62}},"1":{"start":{"line":3,"column":0},"end":{"line":3,"column":26}},"2":{"start":{"line":4,"column":30},"end":{"line":10,"column":3}},"3":{"start":{"line":6,"column":8},"end":{"line":6,"column":37}},"4":{"start":{"line":7,"column":8},"end":{"line":7,"column":31}},"5":{"start":{"line":9,"column":4},"end":{"line":9,"column":20}},"6":{"start":{"line":11,"column":0},"end":{"line":11,"column":28}}},"fnMap":{"0":{"name":"(anonymous_0)","decl":{"start":{"line":4,"column":30},"end":{"line":4,"column":31}},"loc":{"start":{"line":4,"column":42},"end":{"line":10,"column":1}},"line":4},"1":{"name":"AppError","decl":{"start":{"line":5,"column":13},"end":{"line":5,"column":21}},"loc":{"start":{"line":5,"column":43},"end":{"line":8,"column":5}},"line":5}},"branchMap":{},"s":{"0":1,"1":1,"2":1,"3":7,"4":7,"5":1,"6":1},"f":{"0":1,"1":7},"b":{},"inputSourceMap":{"version":3,"file":"/Users/fk/projetos/venmo/backend/src/errors/AppError.ts","sources":["/Users/fk/projetos/venmo/backend/src/errors/AppError.ts"],"names":[],"mappings":";;;AAAA;IACE,kBAAmB,UAAkB,EAAS,OAAe;QAA1C,eAAU,GAAV,UAAU,CAAQ;QAAS,YAAO,GAAP,OAAO,CAAQ;IAAG,CAAC;IACnE,eAAC;AAAD,CAAC,AAFD,IAEC;AAFY,4BAAQ","sourcesContent":["export class AppError {\n  constructor(public statusCode: number, public message: string) {}\n}\n"]},"_coverageSchema":"1a1c01bbd47fc00a2c39e90264f33305004495a9","hash":"48e88e693aa8a1f82152861368217e8f0c12c77e"},"/Users/fk/projetos/venmo/backend/src/routes.ts":{"path":"/Users/fk/projetos/venmo/backend/src/routes.ts","statementMap":{"0":{"start":{"line":2,"column":0},"end":{"line":2,"column":62}},"1":{"start":{"line":3,"column":16},"end":{"line":3,"column":34}},"2":{"start":{"line":4,"column":28},"end":{"line":4,"column":71}},"3":{"start":{"line":5,"column":36},"end":{"line":5,"column":111}},"4":{"start":{"line":6,"column":29},"end":{"line":6,"column":90}},"5":{"start":{"line":7,"column":34},"end":{"line":7,"column":105}},"6":{"start":{"line":8,"column":26},"end":{"line":8,"column":81}},"7":{"start":{"line":9,"column":28},"end":{"line":9,"column":87}},"8":{"start":{"line":10,"column":27},"end":{"line":10,"column":76}},"9":{"start":{"line":11,"column":26},"end":{"line":11,"column":73}},"10":{"start":{"line":12,"column":24},"end":{"line":12,"column":67}},"11":{"start":{"line":13,"column":37},"end":{"line":13,"column":103}},"12":{"start":{"line":14,"column":32},"end":{"line":14,"column":91}},"13":{"start":{"line":15,"column":13},"end":{"line":15,"column":36}},"14":{"start":{"line":16,"column":0},"end":{"line":16,"column":57}},"15":{"start":{"line":17,"column":0},"end":{"line":17,"column":55}},"16":{"start":{"line":18,"column":0},"end":{"line":18,"column":92}},"17":{"start":{"line":19,"column":0},"end":{"line":19,"column":104}},"18":{"start":{"line":20,"column":0},"end":{"line":20,"column":110}},"19":{"start":{"line":21,"column":0},"end":{"line":21,"column":25}}},"fnMap":{},"branchMap":{},"s":{"0":1,"1":1,"2":1,"3":1,"4":1,"5":1,"6":1,"7":1,"8":1,"9":1,"10":1,"11":1,"12":1,"13":1,"14":1,"15":1,"16":1,"17":1,"18":1,"19":1},"f":{},"b":{},"inputSourceMap":{"version":3,"file":"/Users/fk/projetos/venmo/backend/src/routes.ts","sources":["/Users/fk/projetos/venmo/backend/src/routes.ts"],"names":[],"mappings":";;AAAA,mCAAiC;AAEjC,wEAAuE;AACvE,gHAAkH;AAClH,2FAA0F;AAC1F,0GAAyG;AACzG,kFAAiF;AACjF,wFAAuF;AAEvF,IAAM,oBAAoB,GAAG,IAAI,2CAAoB,EAAE,CAAC;AACxD,IAAM,mBAAmB,GAAG,IAAI,yCAAmB,EAAE,CAAC;AACtD,IAAM,iBAAiB,GAAG,IAAI,qCAAiB,EAAE,CAAC;AAClD,IAAM,8BAA8B,GAAG,IAAI,4DAA8B,EAAE,CAAC;AAC5E,IAAM,yBAAyB,GAAG,IAAI,qDAAyB,EAAE,CAAC;AAElE,IAAM,MAAM,GAAG,IAAA,gBAAM,GAAE,CAAC;AAExB,MAAM,CAAC,IAAI,CAAC,cAAc,EAAE,oBAAoB,CAAC,MAAM,CAAC,CAAC;AACzD,MAAM,CAAC,IAAI,CAAC,aAAa,EAAE,mBAAmB,CAAC,MAAM,CAAC,CAAC;AACvD,MAAM,CAAC,GAAG,CAAC,UAAU,EAAE,yCAAmB,EAAE,iBAAiB,CAAC,MAAM,CAAC,CAAC;AACtE,MAAM,CAAC,GAAG,CACR,cAAc,EACd,yCAAmB,EACnB,yBAAyB,CAAC,MAAM,CACjC,CAAC;AACF,MAAM,CAAC,IAAI,CACT,cAAc,EACd,yCAAmB,EACnB,8BAA8B,CAAC,MAAM,CACtC,CAAC;AAEF,kBAAe,MAAM,CAAC","sourcesContent":["import { Router } from \"express\";\n\nimport { ensureAuthenticated } from \"./middleware/ensureAuthenticated\";\nimport { CreateTransactionUseController } from \"./modules/useCases/createTransaction/CreateTransactionController\";\nimport { CreateUserController } from \"./modules/useCases/createUser/CreateUserController\";\nimport { GetTransactionsController } from \"./modules/useCases/getTransactions/GetTransacrionsController\";\nimport { GetUserController } from \"./modules/useCases/getUser/GetUserController\";\nimport { LoginUserController } from \"./modules/useCases/loginUser/LoginUserController\";\n\nconst createUserController = new CreateUserController();\nconst loginUserController = new LoginUserController();\nconst getUserController = new GetUserController();\nconst createTransactionUseController = new CreateTransactionUseController();\nconst getTransactionsController = new GetTransactionsController();\n\nconst routes = Router();\n\nroutes.post(\"/auth/signup\", createUserController.handle);\nroutes.post(\"/auth/login\", loginUserController.handle);\nroutes.get(\"/auth/me\", ensureAuthenticated, getUserController.handle);\nroutes.get(\n  \"/transaction\",\n  ensureAuthenticated,\n  getTransactionsController.handle\n);\nroutes.post(\n  \"/transaction\",\n  ensureAuthenticated,\n  createTransactionUseController.handle\n);\n\nexport default routes;\n"]},"_coverageSchema":"1a1c01bbd47fc00a2c39e90264f33305004495a9","hash":"471f997c1615333717e48081a0b425455dc4f3a9"},"/Users/fk/projetos/venmo/backend/src/middleware/ensureAuthenticated.ts":{"path":"/Users/fk/projetos/venmo/backend/src/middleware/ensureAuthenticated.ts","statementMap":{"0":{"start":{"line":2,"column":0},"end":{"line":2,"column":62}},"1":{"start":{"line":3,"column":0},"end":{"line":3,"column":37}},"2":{"start":{"line":4,"column":21},"end":{"line":4,"column":44}},"3":{"start":{"line":5,"column":17},"end":{"line":5,"column":46}},"4":{"start":{"line":7,"column":20},"end":{"line":7,"column":45}},"5":{"start":{"line":8,"column":4},"end":{"line":9,"column":63}},"6":{"start":{"line":9,"column":8},"end":{"line":9,"column":63}},"7":{"start":{"line":10,"column":13},"end":{"line":10,"column":33}},"8":{"start":{"line":10,"column":43},"end":{"line":10,"column":48}},"9":{"start":{"line":11,"column":4},"end":{"line":19,"column":5}},"10":{"start":{"line":12,"column":29},"end":{"line":12,"column":86}},"11":{"start":{"line":13,"column":8},"end":{"line":13,"column":47}},"12":{"start":{"line":14,"column":8},"end":{"line":14,"column":49}},"13":{"start":{"line":15,"column":8},"end":{"line":15,"column":22}},"14":{"start":{"line":18,"column":8},"end":{"line":18,"column":60}},"15":{"start":{"line":21,"column":0},"end":{"line":21,"column":50}}},"fnMap":{"0":{"name":"ensureAuthenticated","decl":{"start":{"line":6,"column":9},"end":{"line":6,"column":28}},"loc":{"start":{"line":6,"column":46},"end":{"line":20,"column":1}},"line":6}},"branchMap":{"0":{"loc":{"start":{"line":8,"column":4},"end":{"line":9,"column":63}},"type":"if","locations":[{"start":{"line":8,"column":4},"end":{"line":9,"column":63}},{"start":{"line":8,"column":4},"end":{"line":9,"column":63}}],"line":8}},"s":{"0":1,"1":1,"2":1,"3":1,"4":0,"5":0,"6":0,"7":0,"8":0,"9":0,"10":0,"11":0,"12":0,"13":0,"14":0,"15":1},"f":{"0":0},"b":{"0":[0,0]},"inputSourceMap":{"version":3,"file":"/Users/fk/projetos/venmo/backend/src/middleware/ensureAuthenticated.ts","sources":["/Users/fk/projetos/venmo/backend/src/middleware/ensureAuthenticated.ts"],"names":[],"mappings":";;;AACA,6CAAsC;AAEtC,+CAA8C;AAO9C,SAAgB,mBAAmB,CACjC,GAAY,EACZ,IAAc,EACd,IAAkB;IAElB,IAAM,SAAS,GAAG,GAAG,CAAC,OAAO,CAAC,aAAa,CAAC;IAC5C,IAAI,CAAC,SAAS;QAAE,MAAM,IAAI,mBAAQ,CAAC,GAAG,EAAE,kBAAkB,CAAC,CAAC;IAEtD,IAAA,KAAY,SAAS,CAAC,KAAK,CAAC,GAAG,CAAC,EAA7B,KAAK,QAAwB,CAAC;IAEvC,IAAI;QACF,IAAM,cAAc,GAAG,IAAA,qBAAM,EAC3B,KAAK,EACL,OAAO,CAAC,GAAG,CAAC,UAAoB,CACvB,CAAC;QAEZ,GAAG,CAAC,QAAQ,GAAG,cAAc,CAAC,QAAQ,CAAC;QACvC,GAAG,CAAC,SAAS,GAAG,cAAc,CAAC,SAAS,CAAC;QAEzC,OAAO,IAAI,EAAE,CAAC;KACf;IAAC,OAAO,GAAG,EAAE;QACZ,MAAM,IAAI,mBAAQ,CAAC,GAAG,EAAE,eAAe,CAAC,CAAC;KAC1C;AACH,CAAC;AAvBD,kDAuBC","sourcesContent":["import { NextFunction, Request, Response } from \"express\";\nimport { verify } from \"jsonwebtoken\";\n\nimport { AppError } from \"../errors/AppError\";\n\ninterface IToken {\n  username: string;\n  accountId: string;\n}\n\nexport function ensureAuthenticated(\n  req: Request,\n  _res: Response,\n  next: NextFunction\n) {\n  const authToken = req.headers.authorization;\n  if (!authToken) throw new AppError(401, \"Token is missing\");\n\n  const [, token] = authToken.split(\" \");\n\n  try {\n    const decryptedToken = verify(\n      token,\n      process.env.JWT_SECRET as string\n    ) as IToken;\n\n    req.username = decryptedToken.username;\n    req.accountId = decryptedToken.accountId;\n\n    return next();\n  } catch (err) {\n    throw new AppError(401, \"Invalid token\");\n  }\n}\n"]},"_coverageSchema":"1a1c01bbd47fc00a2c39e90264f33305004495a9","hash":"923c1169a10d72833fb594127c832dcf70d2f48b"},"/Users/fk/projetos/venmo/backend/src/modules/useCases/createTransaction/CreateTransactionController.ts":{"path":"/Users/fk/projetos/venmo/backend/src/modules/useCases/createTransaction/CreateTransactionController.ts","statementMap":{"0":{"start":{"line":2,"column":16},"end":{"line":10,"column":1}},"1":{"start":{"line":3,"column":28},"end":{"line":3,"column":110}},"2":{"start":{"line":3,"column":91},"end":{"line":3,"column":106}},"3":{"start":{"line":4,"column":4},"end":{"line":9,"column":7}},"4":{"start":{"line":5,"column":36},"end":{"line":5,"column":97}},"5":{"start":{"line":5,"column":42},"end":{"line":5,"column":70}},"6":{"start":{"line":5,"column":85},"end":{"line":5,"column":95}},"7":{"start":{"line":6,"column":35},"end":{"line":6,"column":100}},"8":{"start":{"line":6,"column":41},"end":{"line":6,"column":73}},"9":{"start":{"line":6,"column":88},"end":{"line":6,"column":98}},"10":{"start":{"line":7,"column":32},"end":{"line":7,"column":116}},"11":{"start":{"line":8,"column":8},"end":{"line":8,"column":78}},"12":{"start":{"line":11,"column":18},"end":{"line":37,"column":1}},"13":{"start":{"line":12,"column":12},"end":{"line":12,"column":104}},"14":{"start":{"line":12,"column":43},"end":{"line":12,"column":68}},"15":{"start":{"line":12,"column":57},"end":{"line":12,"column":68}},"16":{"start":{"line":12,"column":69},"end":{"line":12,"column":81}},"17":{"start":{"line":13,"column":4},"end":{"line":13,"column":157}},"18":{"start":{"line":13,"column":138},"end":{"line":13,"column":150}},"19":{"start":{"line":14,"column":23},"end":{"line":14,"column":68}},"20":{"start":{"line":14,"column":45},"end":{"line":14,"column":65}},"21":{"start":{"line":16,"column":8},"end":{"line":16,"column":70}},"22":{"start":{"line":16,"column":15},"end":{"line":16,"column":70}},"23":{"start":{"line":17,"column":8},"end":{"line":34,"column":66}},"24":{"start":{"line":17,"column":50},"end":{"line":34,"column":66}},"25":{"start":{"line":18,"column":12},"end":{"line":18,"column":169}},"26":{"start":{"line":18,"column":160},"end":{"line":18,"column":169}},"27":{"start":{"line":19,"column":12},"end":{"line":19,"column":52}},"28":{"start":{"line":19,"column":26},"end":{"line":19,"column":52}},"29":{"start":{"line":20,"column":12},"end":{"line":32,"column":13}},"30":{"start":{"line":21,"column":32},"end":{"line":21,"column":39}},"31":{"start":{"line":21,"column":40},"end":{"line":21,"column":46}},"32":{"start":{"line":22,"column":24},"end":{"line":22,"column":34}},"33":{"start":{"line":22,"column":35},"end":{"line":22,"column":72}},"34":{"start":{"line":23,"column":24},"end":{"line":23,"column":34}},"35":{"start":{"line":23,"column":35},"end":{"line":23,"column":45}},"36":{"start":{"line":23,"column":46},"end":{"line":23,"column":55}},"37":{"start":{"line":23,"column":56},"end":{"line":23,"column":65}},"38":{"start":{"line":24,"column":24},"end":{"line":24,"column":41}},"39":{"start":{"line":24,"column":42},"end":{"line":24,"column":55}},"40":{"start":{"line":24,"column":56},"end":{"line":24,"column":65}},"41":{"start":{"line":26,"column":20},"end":{"line":26,"column":128}},"42":{"start":{"line":26,"column":110},"end":{"line":26,"column":116}},"43":{"start":{"line":26,"column":117},"end":{"line":26,"column":126}},"44":{"start":{"line":27,"column":20},"end":{"line":27,"column":106}},"45":{"start":{"line":27,"column":81},"end":{"line":27,"column":97}},"46":{"start":{"line":27,"column":98},"end":{"line":27,"column":104}},"47":{"start":{"line":28,"column":20},"end":{"line":28,"column":89}},"48":{"start":{"line":28,"column":57},"end":{"line":28,"column":72}},"49":{"start":{"line":28,"column":73},"end":{"line":28,"column":80}},"50":{"start":{"line":28,"column":81},"end":{"line":28,"column":87}},"51":{"start":{"line":29,"column":20},"end":{"line":29,"column":87}},"52":{"start":{"line":29,"column":47},"end":{"line":29,"column":62}},"53":{"start":{"line":29,"column":63},"end":{"line":29,"column":78}},"54":{"start":{"line":29,"column":79},"end":{"line":29,"column":85}},"55":{"start":{"line":30,"column":20},"end":{"line":30,"column":42}},"56":{"start":{"line":30,"column":30},"end":{"line":30,"column":42}},"57":{"start":{"line":31,"column":20},"end":{"line":31,"column":33}},"58":{"start":{"line":31,"column":34},"end":{"line":31,"column":43}},"59":{"start":{"line":33,"column":12},"end":{"line":33,"column":39}},"60":{"start":{"line":34,"column":22},"end":{"line":34,"column":34}},"61":{"start":{"line":34,"column":35},"end":{"line":34,"column":41}},"62":{"start":{"line":34,"column":54},"end":{"line":34,"column":64}},"63":{"start":{"line":35,"column":8},"end":{"line":35,"column":35}},"64":{"start":{"line":35,"column":23},"end":{"line":35,"column":35}},"65":{"start":{"line":35,"column":36},"end":{"line":35,"column":89}},"66":{"start":{"line":38,"column":0},"end":{"line":38,"column":62}},"67":{"start":{"line":39,"column":0},"end":{"line":39,"column":48}},"68":{"start":{"line":40,"column":33},"end":{"line":40,"column":70}},"69":{"start":{"line":41,"column":52},"end":{"line":66,"column":3}},"70":{"start":{"line":44,"column":4},"end":{"line":64,"column":6}},"71":{"start":{"line":45,"column":8},"end":{"line":63,"column":11}},"72":{"start":{"line":47,"column":12},"end":{"line":62,"column":15}},"73":{"start":{"line":48,"column":16},"end":{"line":61,"column":17}},"74":{"start":{"line":50,"column":24},"end":{"line":50,"column":114}},"75":{"start":{"line":51,"column":24},"end":{"line":51,"column":109}},"76":{"start":{"line":52,"column":24},"end":{"line":56,"column":32}},"77":{"start":{"line":58,"column":24},"end":{"line":58,"column":34}},"78":{"start":{"line":59,"column":24},"end":{"line":59,"column":97}},"79":{"start":{"line":60,"column":24},"end":{"line":60,"column":46}},"80":{"start":{"line":65,"column":4},"end":{"line":65,"column":42}},"81":{"start":{"line":67,"column":0},"end":{"line":67,"column":72}}},"fnMap":{"0":{"name":"(anonymous_0)","decl":{"start":{"line":2,"column":44},"end":{"line":2,"column":45}},"loc":{"start":{"line":2,"column":89},"end":{"line":10,"column":1}},"line":2},"1":{"name":"adopt","decl":{"start":{"line":3,"column":13},"end":{"line":3,"column":18}},"loc":{"start":{"line":3,"column":26},"end":{"line":3,"column":112}},"line":3},"2":{"name":"(anonymous_2)","decl":{"start":{"line":3,"column":70},"end":{"line":3,"column":71}},"loc":{"start":{"line":3,"column":89},"end":{"line":3,"column":108}},"line":3},"3":{"name":"(anonymous_3)","decl":{"start":{"line":4,"column":36},"end":{"line":4,"column":37}},"loc":{"start":{"line":4,"column":63},"end":{"line":9,"column":5}},"line":4},"4":{"name":"fulfilled","decl":{"start":{"line":5,"column":17},"end":{"line":5,"column":26}},"loc":{"start":{"line":5,"column":34},"end":{"line":5,"column":99}},"line":5},"5":{"name":"rejected","decl":{"start":{"line":6,"column":17},"end":{"line":6,"column":25}},"loc":{"start":{"line":6,"column":33},"end":{"line":6,"column":102}},"line":6},"6":{"name":"step","decl":{"start":{"line":7,"column":17},"end":{"line":7,"column":21}},"loc":{"start":{"line":7,"column":30},"end":{"line":7,"column":118}},"line":7},"7":{"name":"(anonymous_7)","decl":{"start":{"line":11,"column":48},"end":{"line":11,"column":49}},"loc":{"start":{"line":11,"column":73},"end":{"line":37,"column":1}},"line":11},"8":{"name":"(anonymous_8)","decl":{"start":{"line":12,"column":30},"end":{"line":12,"column":31}},"loc":{"start":{"line":12,"column":41},"end":{"line":12,"column":83}},"line":12},"9":{"name":"(anonymous_9)","decl":{"start":{"line":13,"column":125},"end":{"line":13,"column":126}},"loc":{"start":{"line":13,"column":136},"end":{"line":13,"column":152}},"line":13},"10":{"name":"verb","decl":{"start":{"line":14,"column":13},"end":{"line":14,"column":17}},"loc":{"start":{"line":14,"column":21},"end":{"line":14,"column":70}},"line":14},"11":{"name":"(anonymous_11)","decl":{"start":{"line":14,"column":30},"end":{"line":14,"column":31}},"loc":{"start":{"line":14,"column":43},"end":{"line":14,"column":67}},"line":14},"12":{"name":"step","decl":{"start":{"line":15,"column":13},"end":{"line":15,"column":17}},"loc":{"start":{"line":15,"column":22},"end":{"line":36,"column":5}},"line":15},"13":{"name":"(anonymous_13)","decl":{"start":{"line":41,"column":52},"end":{"line":41,"column":53}},"loc":{"start":{"line":41,"column":64},"end":{"line":66,"column":1}},"line":41},"14":{"name":"CreateTransactionUseController","decl":{"start":{"line":42,"column":13},"end":{"line":42,"column":43}},"loc":{"start":{"line":42,"column":46},"end":{"line":43,"column":5}},"line":42},"15":{"name":"(anonymous_15)","decl":{"start":{"line":44,"column":54},"end":{"line":44,"column":55}},"loc":{"start":{"line":44,"column":74},"end":{"line":64,"column":5}},"line":44},"16":{"name":"(anonymous_16)","decl":{"start":{"line":45,"column":47},"end":{"line":45,"column":48}},"loc":{"start":{"line":45,"column":59},"end":{"line":63,"column":9}},"line":45},"17":{"name":"(anonymous_17)","decl":{"start":{"line":47,"column":37},"end":{"line":47,"column":38}},"loc":{"start":{"line":47,"column":51},"end":{"line":62,"column":13}},"line":47}},"branchMap":{"0":{"loc":{"start":{"line":2,"column":16},"end":{"line":10,"column":1}},"type":"binary-expr","locations":[{"start":{"line":2,"column":17},"end":{"line":2,"column":21}},{"start":{"line":2,"column":25},"end":{"line":2,"column":39}},{"start":{"line":2,"column":44},"end":{"line":10,"column":1}}],"line":2},"1":{"loc":{"start":{"line":3,"column":35},"end":{"line":3,"column":109}},"type":"cond-expr","locations":[{"start":{"line":3,"column":56},"end":{"line":3,"column":61}},{"start":{"line":3,"column":64},"end":{"line":3,"column":109}}],"line":3},"2":{"loc":{"start":{"line":4,"column":16},"end":{"line":4,"column":34}},"type":"binary-expr","locations":[{"start":{"line":4,"column":16},"end":{"line":4,"column":17}},{"start":{"line":4,"column":22},"end":{"line":4,"column":33}}],"line":4},"3":{"loc":{"start":{"line":7,"column":32},"end":{"line":7,"column":115}},"type":"cond-expr","locations":[{"start":{"line":7,"column":46},"end":{"line":7,"column":67}},{"start":{"line":7,"column":70},"end":{"line":7,"column":115}}],"line":7},"4":{"loc":{"start":{"line":8,"column":51},"end":{"line":8,"column":67}},"type":"binary-expr","locations":[{"start":{"line":8,"column":51},"end":{"line":8,"column":61}},{"start":{"line":8,"column":65},"end":{"line":8,"column":67}}],"line":8},"5":{"loc":{"start":{"line":11,"column":18},"end":{"line":37,"column":1}},"type":"binary-expr","locations":[{"start":{"line":11,"column":19},"end":{"line":11,"column":23}},{"start":{"line":11,"column":27},"end":{"line":11,"column":43}},{"start":{"line":11,"column":48},"end":{"line":37,"column":1}}],"line":11},"6":{"loc":{"start":{"line":12,"column":43},"end":{"line":12,"column":68}},"type":"if","locations":[{"start":{"line":12,"column":43},"end":{"line":12,"column":68}},{"start":{"line":12,"column":43},"end":{"line":12,"column":68}}],"line":12},"7":{"loc":{"start":{"line":13,"column":71},"end":{"line":13,"column":153}},"type":"binary-expr","locations":[{"start":{"line":13,"column":71},"end":{"line":13,"column":99}},{"start":{"line":13,"column":104},"end":{"line":13,"column":152}}],"line":13},"8":{"loc":{"start":{"line":16,"column":8},"end":{"line":16,"column":70}},"type":"if","locations":[{"start":{"line":16,"column":8},"end":{"line":16,"column":70}},{"start":{"line":16,"column":8},"end":{"line":16,"column":70}}],"line":16},"9":{"loc":{"start":{"line":17,"column":15},"end":{"line":17,"column":45}},"type":"binary-expr","locations":[{"start":{"line":17,"column":15},"end":{"line":17,"column":16}},{"start":{"line":17,"column":21},"end":{"line":17,"column":44}}],"line":17},"10":{"loc":{"start":{"line":17,"column":28},"end":{"line":17,"column":44}},"type":"binary-expr","locations":[{"start":{"line":17,"column":28},"end":{"line":17,"column":33}},{"start":{"line":17,"column":38},"end":{"line":17,"column":43}}],"line":17},"11":{"loc":{"start":{"line":18,"column":12},"end":{"line":18,"column":169}},"type":"if","locations":[{"start":{"line":18,"column":12},"end":{"line":18,"column":169}},{"start":{"line":18,"column":12},"end":{"line":18,"column":169}}],"line":18},"12":{"loc":{"start":{"line":18,"column":23},"end":{"line":18,"column":158}},"type":"binary-expr","locations":[{"start":{"line":18,"column":23},"end":{"line":18,"column":24}},{"start":{"line":18,"column":29},"end":{"line":18,"column":125}},{"start":{"line":18,"column":130},"end":{"line":18,"column":158}}],"line":18},"13":{"loc":{"start":{"line":18,"column":33},"end":{"line":18,"column":125}},"type":"cond-expr","locations":[{"start":{"line":18,"column":45},"end":{"line":18,"column":56}},{"start":{"line":18,"column":59},"end":{"line":18,"column":125}}],"line":18},"14":{"loc":{"start":{"line":18,"column":59},"end":{"line":18,"column":125}},"type":"cond-expr","locations":[{"start":{"line":18,"column":67},"end":{"line":18,"column":116}},{"start":{"line":18,"column":119},"end":{"line":18,"column":125}}],"line":18},"15":{"loc":{"start":{"line":18,"column":67},"end":{"line":18,"column":116}},"type":"binary-expr","locations":[{"start":{"line":18,"column":67},"end":{"line":18,"column":77}},{"start":{"line":18,"column":82},"end":{"line":18,"column":115}}],"line":18},"16":{"loc":{"start":{"line":18,"column":82},"end":{"line":18,"column":112}},"type":"binary-expr","locations":[{"start":{"line":18,"column":83},"end":{"line":18,"column":98}},{"start":{"line":18,"column":103},"end":{"line":18,"column":112}}],"line":18},"17":{"loc":{"start":{"line":19,"column":12},"end":{"line":19,"column":52}},"type":"if","locations":[{"start":{"line":19,"column":12},"end":{"line":19,"column":52}},{"start":{"line":19,"column":12},"end":{"line":19,"column":52}}],"line":19},"18":{"loc":{"start":{"line":20,"column":12},"end":{"line":32,"column":13}},"type":"switch","locations":[{"start":{"line":21,"column":16},"end":{"line":21,"column":23}},{"start":{"line":21,"column":24},"end":{"line":21,"column":46}},{"start":{"line":22,"column":16},"end":{"line":22,"column":72}},{"start":{"line":23,"column":16},"end":{"line":23,"column":65}},{"start":{"line":24,"column":16},"end":{"line":24,"column":65}},{"start":{"line":25,"column":16},"end":{"line":31,"column":43}}],"line":20},"19":{"loc":{"start":{"line":26,"column":20},"end":{"line":26,"column":128}},"type":"if","locations":[{"start":{"line":26,"column":20},"end":{"line":26,"column":128}},{"start":{"line":26,"column":20},"end":{"line":26,"column":128}}],"line":26},"20":{"loc":{"start":{"line":26,"column":24},"end":{"line":26,"column":106}},"type":"binary-expr","locations":[{"start":{"line":26,"column":24},"end":{"line":26,"column":74}},{"start":{"line":26,"column":79},"end":{"line":26,"column":90}},{"start":{"line":26,"column":94},"end":{"line":26,"column":105}}],"line":26},"21":{"loc":{"start":{"line":26,"column":42},"end":{"line":26,"column":73}},"type":"binary-expr","locations":[{"start":{"line":26,"column":42},"end":{"line":26,"column":54}},{"start":{"line":26,"column":58},"end":{"line":26,"column":73}}],"line":26},"22":{"loc":{"start":{"line":27,"column":20},"end":{"line":27,"column":106}},"type":"if","locations":[{"start":{"line":27,"column":20},"end":{"line":27,"column":106}},{"start":{"line":27,"column":20},"end":{"line":27,"column":106}}],"line":27},"23":{"loc":{"start":{"line":27,"column":24},"end":{"line":27,"column":77}},"type":"binary-expr","locations":[{"start":{"line":27,"column":24},"end":{"line":27,"column":35}},{"start":{"line":27,"column":40},"end":{"line":27,"column":42}},{"start":{"line":27,"column":47},"end":{"line":27,"column":59}},{"start":{"line":27,"column":63},"end":{"line":27,"column":75}}],"line":27},"24":{"loc":{"start":{"line":28,"column":20},"end":{"line":28,"column":89}},"type":"if","locations":[{"start":{"line":28,"column":20},"end":{"line":28,"column":89}},{"start":{"line":28,"column":20},"end":{"line":28,"column":89}}],"line":28},"25":{"loc":{"start":{"line":28,"column":24},"end":{"line":28,"column":53}},"type":"binary-expr","locations":[{"start":{"line":28,"column":24},"end":{"line":28,"column":35}},{"start":{"line":28,"column":39},"end":{"line":28,"column":53}}],"line":28},"26":{"loc":{"start":{"line":29,"column":20},"end":{"line":29,"column":87}},"type":"if","locations":[{"start":{"line":29,"column":20},"end":{"line":29,"column":87}},{"start":{"line":29,"column":20},"end":{"line":29,"column":87}}],"line":29},"27":{"loc":{"start":{"line":29,"column":24},"end":{"line":29,"column":43}},"type":"binary-expr","locations":[{"start":{"line":29,"column":24},"end":{"line":29,"column":25}},{"start":{"line":29,"column":29},"end":{"line":29,"column":43}}],"line":29},"28":{"loc":{"start":{"line":30,"column":20},"end":{"line":30,"column":42}},"type":"if","locations":[{"start":{"line":30,"column":20},"end":{"line":30,"column":42}},{"start":{"line":30,"column":20},"end":{"line":30,"column":42}}],"line":30},"29":{"loc":{"start":{"line":35,"column":8},"end":{"line":35,"column":35}},"type":"if","locations":[{"start":{"line":35,"column":8},"end":{"line":35,"column":35}},{"start":{"line":35,"column":8},"end":{"line":35,"column":35}}],"line":35},"30":{"loc":{"start":{"line":35,"column":52},"end":{"line":35,"column":74}},"type":"cond-expr","locations":[{"start":{"line":35,"column":60},"end":{"line":35,"column":65}},{"start":{"line":35,"column":68},"end":{"line":35,"column":74}}],"line":35},"31":{"loc":{"start":{"line":48,"column":16},"end":{"line":61,"column":17}},"type":"switch","locations":[{"start":{"line":49,"column":20},"end":{"line":56,"column":32}},{"start":{"line":57,"column":20},"end":{"line":60,"column":46}}],"line":48}},"s":{"0":1,"1":0,"2":0,"3":0,"4":0,"5":0,"6":0,"7":0,"8":0,"9":0,"10":0,"11":0,"12":1,"13":0,"14":0,"15":0,"16":0,"17":0,"18":0,"19":0,"20":0,"21":0,"22":0,"23":0,"24":0,"25":0,"26":0,"27":0,"28":0,"29":0,"30":0,"31":0,"32":0,"33":0,"34":0,"35":0,"36":0,"37":0,"38":0,"39":0,"40":0,"41":0,"42":0,"43":0,"44":0,"45":0,"46":0,"47":0,"48":0,"49":0,"50":0,"51":0,"52":0,"53":0,"54":0,"55":0,"56":0,"57":0,"58":0,"59":0,"60":0,"61":0,"62":0,"63":0,"64":0,"65":0,"66":1,"67":1,"68":1,"69":1,"70":1,"71":0,"72":0,"73":0,"74":0,"75":0,"76":0,"77":0,"78":0,"79":0,"80":1,"81":1},"f":{"0":0,"1":0,"2":0,"3":0,"4":0,"5":0,"6":0,"7":0,"8":0,"9":0,"10":0,"11":0,"12":0,"13":1,"14":1,"15":0,"16":0,"17":0},"b":{"0":[1,1,1],"1":[0,0],"2":[0,0],"3":[0,0],"4":[0,0],"5":[1,1,1],"6":[0,0],"7":[0,0],"8":[0,0],"9":[0,0],"10":[0,0],"11":[0,0],"12":[0,0,0],"13":[0,0],"14":[0,0],"15":[0,0],"16":[0,0],"17":[0,0],"18":[0,0,0,0,0,0],"19":[0,0],"20":[0,0,0],"21":[0,0],"22":[0,0],"23":[0,0,0,0],"24":[0,0],"25":[0,0],"26":[0,0],"27":[0,0],"28":[0,0],"29":[0,0],"30":[0,0],"31":[0,0]},"inputSourceMap":{"version":3,"file":"/Users/fk/projetos/venmo/backend/src/modules/useCases/createTransaction/CreateTransactionController.ts","sources":["/Users/fk/projetos/venmo/backend/src/modules/useCases/createTransaction/CreateTransactionController.ts"],"names":[],"mappings":";;;;;;;;;;;;;;;;;;;;;;;;;;;;;;;;;;;;;;;AAEA,uEAAsE;AAEtE;IAAA;IAWA,CAAC;IAVO,+CAAM,GAAZ,UAAa,GAAY,EAAE,GAAa;;;;;;wBAChC,KAAuC,GAAG,CAAC,IAAI,EAA7C,cAAc,oBAAA,EAAE,gBAAgB,sBAAA,CAAc;wBAChD,wBAAwB,GAAG,IAAI,mDAAwB,EAAE,CAAC;wBAChE,qBAAM,wBAAwB,CAAC,OAAO,CAAC;gCACrC,cAAc,gBAAA;gCACd,gBAAgB,kBAAA;gCAChB,gBAAgB,EAAE,GAAG,CAAC,SAAmB;6BAC1C,CAAC,EAAA;;wBAJF,SAIE,CAAC;wBACH,GAAG,CAAC,MAAM,CAAC,GAAG,CAAC,CAAC,IAAI,CAAC,EAAE,OAAO,EAAE,qCAAqC,EAAE,CAAC,CAAC;;;;;KAC1E;IACH,qCAAC;AAAD,CAAC,AAXD,IAWC;AAXY,wEAA8B","sourcesContent":["import { Request, Response } from \"express\";\n\nimport { CreateTransactionUseCase } from \"./CreateTransactionUseCase\";\n\nexport class CreateTransactionUseController {\n  async handle(req: Request, res: Response) {\n    const { creditUsername, transactionValue } = req.body;\n    const createTransactionUseCase = new CreateTransactionUseCase();\n    await createTransactionUseCase.execute({\n      creditUsername,\n      transactionValue,\n      debitedAccountId: req.accountId as string,\n    });\n    res.status(201).json({ message: \"Transaction was sucessfully created\" });\n  }\n}\n"]},"_coverageSchema":"1a1c01bbd47fc00a2c39e90264f33305004495a9","hash":"1d3f828f232c865b43014c6bdd45a26671c97d6c"},"/Users/fk/projetos/venmo/backend/src/modules/useCases/createTransaction/CreateTransactionUseCase.ts":{"path":"/Users/fk/projetos/venmo/backend/src/modules/useCases/createTransaction/CreateTransactionUseCase.ts","statementMap":{"0":{"start":{"line":2,"column":16},"en
[...]
:{"line":24,"column":42},"end":{"line":24,"column":55}},"40":{"start":{"line":24,"column":56},"end":{"line":24,"column":65}},"41":{"start":{"line":26,"column":20},"end":{"line":26,"column":128}},"42":{"start":{"line":26,"column":110},"end":{"line":26,"column":116}},"43":{"start":{"line":26,"column":117},"end":{"line":26,"column":126}},"44":{"start":{"line":27,"column":20},"end":{"line":27,"column":106}},"45":{"start":{"line":27,"column":81},"end":{"line":27,"column":97}},"46":{"start":{"line":27,"column":98},"end":{"line":27,"column":104}},"47":{"start":{"line":28,"column":20},"end":{"line":28,"column":89}},"48":{"start":{"line":28,"column":57},"end":{"line":28,"column":72}},"49":{"start":{"line":28,"column":73},"end":{"line":28,"column":80}},"50":{"start":{"line":28,"column":81},"end":{"line":28,"column":87}},"51":{"start":{"line":29,"column":20},"end":{"line":29,"column":87}},"52":{"start":{"line":29,"column":47},"end":{"line":29,"column":62}},"53":{"start":{"line":29,"column":63},"end":{"line":29,"column":78}},"54":{"start":{"line":29,"column":79},"end":{"line":29,"column":85}},"55":{"start":{"line":30,"column":20},"end":{"line":30,"column":42}},"56":{"start":{"line":30,"column":30},"end":{"line":30,"column":42}},"57":{"start":{"line":31,"column":20},"end":{"line":31,"column":33}},"58":{"start":{"line":31,"column":34},"end":{"line":31,"column":43}},"59":{"start":{"line":33,"column":12},"end":{"line":33,"column":39}},"60":{"start":{"line":34,"column":22},"end":{"line":34,"column":34}},"61":{"start":{"line":34,"column":35},"end":{"line":34,"column":41}},"62":{"start":{"line":34,"column":54},"end":{"line":34,"column":64}},"63":{"start":{"line":35,"column":8},"end":{"line":35,"column":35}},"64":{"start":{"line":35,"column":23},"end":{"line":35,"column":35}},"65":{"start":{"line":35,"column":36},"end":{"line":35,"column":89}},"66":{"start":{"line":38,"column":0},"end":{"line":38,"column":62}},"67":{"start":{"line":39,"column":0},"end":{"line":39,"column":34}},"68":{"start":{"line":40,"column":17},"end":{"line":40,"column":36}},"69":{"start":{"line":41,"column":21},"end":{"line":41,"column":44}},"70":{"start":{"line":42,"column":21},"end":{"line":42,"column":62}},"71":{"start":{"line":43,"column":17},"end":{"line":43,"column":52}},"72":{"start":{"line":44,"column":17},"end":{"line":44,"column":47}},"73":{"start":{"line":45,"column":38},"end":{"line":80,"column":3}},"74":{"start":{"line":48,"column":4},"end":{"line":78,"column":6}},"75":{"start":{"line":49,"column":23},"end":{"line":49,"column":34}},"76":{"start":{"line":49,"column":47},"end":{"line":49,"column":58}},"77":{"start":{"line":50,"column":8},"end":{"line":77,"column":11}},"78":{"start":{"line":52,"column":12},"end":{"line":76,"column":15}},"79":{"start":{"line":53,"column":16},"end":{"line":75,"column":17}},"80":{"start":{"line":55,"column":24},"end":{"line":55,"column":109}},"81":{"start":{"line":56,"column":24},"end":{"line":58,"column":25}},"82":{"start":{"line":57,"column":28},"end":{"line":57,"column":86}},"83":{"start":{"line":59,"column":24},"end":{"line":61,"column":32}},"84":{"start":{"line":63,"column":24},"end":{"line":63,"column":54}},"85":{"start":{"line":64,"column":24},"end":{"line":65,"column":91}},"86":{"start":{"line":65,"column":28},"end":{"line":65,"column":91}},"87":{"start":{"line":66,"column":24},"end":{"line":66,"column":108}},"88":{"start":{"line":68,"column":24},"end":{"line":68,"column":50}},"89":{"start":{"line":69,"column":24},"end":{"line":70,"column":91}},"90":{"start":{"line":70,"column":28},"end":{"line":70,"column":91}},"91":{"start":{"line":71,"column":24},"end":{"line":73,"column":27}},"92":{"start":{"line":74,"column":24},"end":{"line":74,"column":64}},"93":{"start":{"line":79,"column":4},"end":{"line":79,"column":28}},"94":{"start":{"line":81,"column":0},"end":{"line":81,"column":44}}},"fnMap":{"0":{"name":"(anonymous_0)","decl":{"start":{"line":2,"column":44},"end":{"line":2,"column":45}},"loc":{"start":{"line":2,"column":89},"end":{"line":10,"column":1}},"line":2},"1":{"name":"adopt","decl":{"start":{"line":3,"column":13},"end":{"line":3,"column":18}},"loc":{"start":{"line":3,"column":26},"end":{"line":3,"column":112}},"line":3},"2":{"name":"(anonymous_2)","decl":{"start":{"line":3,"column":70},"end":{"line":3,"column":71}},"loc":{"start":{"line":3,"column":89},"end":{"line":3,"column":108}},"line":3},"3":{"name":"(anonymous_3)","decl":{"start":{"line":4,"column":36},"end":{"line":4,"column":37}},"loc":{"start":{"line":4,"column":63},"end":{"line":9,"column":5}},"line":4},"4":{"name":"fulfilled","decl":{"start":{"line":5,"column":17},"end":{"line":5,"column":26}},"loc":{"start":{"line":5,"column":34},"end":{"line":5,"column":99}},"line":5},"5":{"name":"rejected","decl":{"start":{"line":6,"column":17},"end":{"line":6,"column":25}},"loc":{"start":{"line":6,"column":33},"end":{"line":6,"column":102}},"line":6},"6":{"name":"step","decl":{"start":{"line":7,"column":17},"end":{"line":7,"column":21}},"loc":{"start":{"line":7,"column":30},"end":{"line":7,"column":118}},"line":7},"7":{"name":"(anonymous_7)","decl":{"start":{"line":11,"column":48},"end":{"line":11,"column":49}},"loc":{"start":{"line":11,"column":73},"end":{"line":37,"column":1}},"line":11},"8":{"name":"(anonymous_8)","decl":{"start":{"line":12,"column":30},"end":{"line":12,"column":31}},"loc":{"start":{"line":12,"column":41},"end":{"line":12,"column":83}},"line":12},"9":{"name":"(anonymous_9)","decl":{"start":{"line":13,"column":125},"end":{"line":13,"column":126}},"loc":{"start":{"line":13,"column":136},"end":{"line":13,"column":152}},"line":13},"10":{"name":"verb","decl":{"start":{"line":14,"column":13},"end":{"line":14,"column":17}},"loc":{"start":{"line":14,"column":21},"end":{"line":14,"column":70}},"line":14},"11":{"name":"(anonymous_11)","decl":{"start":{"line":14,"column":30},"end":{"line":14,"column":31}},"loc":{"start":{"line":14,"column":43},"end":{"line":14,"column":67}},"line":14},"12":{"name":"step","decl":{"start":{"line":15,"column":13},"end":{"line":15,"column":17}},"loc":{"start":{"line":15,"column":22},"end":{"line":36,"column":5}},"line":15},"13":{"name":"(anonymous_13)","decl":{"start":{"line":45,"column":38},"end":{"line":45,"column":39}},"loc":{"start":{"line":45,"column":50},"end":{"line":80,"column":1}},"line":45},"14":{"name":"LoginUserUseCase","decl":{"start":{"line":46,"column":13},"end":{"line":46,"column":29}},"loc":{"start":{"line":46,"column":32},"end":{"line":47,"column":5}},"line":46},"15":{"name":"(anonymous_15)","decl":{"start":{"line":48,"column":41},"end":{"line":48,"column":42}},"loc":{"start":{"line":48,"column":55},"end":{"line":78,"column":5}},"line":48},"16":{"name":"(anonymous_16)","decl":{"start":{"line":50,"column":47},"end":{"line":50,"column":48}},"loc":{"start":{"line":50,"column":59},"end":{"line":77,"column":9}},"line":50},"17":{"name":"(anonymous_17)","decl":{"start":{"line":52,"column":37},"end":{"line":52,"column":38}},"loc":{"start":{"line":52,"column":51},"end":{"line":76,"column":13}},"line":52}},"branchMap":{"0":{"loc":{"start":{"line":2,"column":16},"end":{"line":10,"column":1}},"type":"binary-expr","locations":[{"start":{"line":2,"column":17},"end":{"line":2,"column":21}},{"start":{"line":2,"column":25},"end":{"line":2,"column":39}},{"start":{"line":2,"column":44},"end":{"line":10,"column":1}}],"line":2},"1":{"loc":{"start":{"line":3,"column":35},"end":{"line":3,"column":109}},"type":"cond-expr","locations":[{"start":{"line":3,"column":56},"end":{"line":3,"column":61}},{"start":{"line":3,"column":64},"end":{"line":3,"column":109}}],"line":3},"2":{"loc":{"start":{"line":4,"column":16},"end":{"line":4,"column":34}},"type":"binary-expr","locations":[{"start":{"line":4,"column":16},"end":{"line":4,"column":17}},{"start":{"line":4,"column":22},"end":{"line":4,"column":33}}],"line":4},"3":{"loc":{"start":{"line":7,"column":32},"end":{"line":7,"column":115}},"type":"cond-expr","locations":[{"start":{"line":7,"column":46},"end":{"line":7,"column":67}},{"start":{"line":7,"column":70},"end":{"line":7,"column":115}}],"line":7},"4":{"loc":{"start":{"line":8,"column":51},"end":{"line":8,"column":67}},"type":"binary-expr","locations":[{"start":{"line":8,"column":51},"end":{"line":8,"column":61}},{"start":{"line":8,"column":65},"end":{"line":8,"column":67}}],"line":8},"5":{"loc":{"start":{"line":11,"column":18},"end":{"line":37,"column":1}},"type":"binary-expr","locations":[{"start":{"line":11,"column":19},"end":{"line":11,"column":23}},{"start":{"line":11,"column":27},"end":{"line":11,"column":43}},{"start":{"line":11,"column":48},"end":{"line":37,"column":1}}],"line":11},"6":{"loc":{"start":{"line":12,"column":43},"end":{"line":12,"column":68}},"type":"if","locations":[{"start":{"line":12,"column":43},"end":{"line":12,"column":68}},{"start":{"line":12,"column":43},"end":{"line":12,"column":68}}],"line":12},"7":{"loc":{"start":{"line":13,"column":71},"end":{"line":13,"column":153}},"type":"binary-expr","locations":[{"start":{"line":13,"column":71},"end":{"line":13,"column":99}},{"start":{"line":13,"column":104},"end":{"line":13,"column":152}}],"line":13},"8":{"loc":{"start":{"line":16,"column":8},"end":{"line":16,"column":70}},"type":"if","locations":[{"start":{"line":16,"column":8},"end":{"line":16,"column":70}},{"start":{"line":16,"column":8},"end":{"line":16,"column":70}}],"line":16},"9":{"loc":{"start":{"line":17,"column":15},"end":{"line":17,"column":45}},"type":"binary-expr","locations":[{"start":{"line":17,"column":15},"end":{"line":17,"column":16}},{"start":{"line":17,"column":21},"end":{"line":17,"column":44}}],"line":17},"10":{"loc":{"start":{"line":17,"column":28},"end":{"line":17,"column":44}},"type":"binary-expr","locations":[{"start":{"line":17,"column":28},"end":{"line":17,"column":33}},{"start":{"line":17,"column":38},"end":{"line":17,"column":43}}],"line":17},"11":{"loc":{"start":{"line":18,"column":12},"end":{"line":18,"column":169}},"type":"if","locations":[{"start":{"line":18,"column":12},"end":{"line":18,"column":169}},{"start":{"line":18,"column":12},"end":{"line":18,"column":169}}],"line":18},"12":{"loc":{"start":{"line":18,"column":23},"end":{"line":18,"column":158}},"type":"binary-expr","locations":[{"start":{"line":18,"column":23},"end":{"line":18,"column":24}},{"start":{"line":18,"column":29},"end":{"line":18,"column":125}},{"start":{"line":18,"column":130},"end":{"line":18,"column":158}}],"line":18},"13":{"loc":{"start":{"line":18,"column":33},"end":{"line":18,"column":125}},"type":"cond-expr","locations":[{"start":{"line":18,"column":45},"end":{"line":18,"column":56}},{"start":{"line":18,"column":59},"end":{"line":18,"column":125}}],"line":18},"14":{"loc":{"start":{"line":18,"column":59},"end":{"line":18,"column":125}},"type":"cond-expr","locations":[{"start":{"line":18,"column":67},"end":{"line":18,"column":116}},{"start":{"line":18,"column":119},"end":{"line":18,"column":125}}],"line":18},"15":{"loc":{"start":{"line":18,"column":67},"end":{"line":18,"column":116}},"type":"binary-expr","locations":[{"start":{"line":18,"column":67},"end":{"line":18,"column":77}},{"start":{"line":18,"column":82},"end":{"line":18,"column":115}}],"line":18},"16":{"loc":{"start":{"line":18,"column":82},"end":{"line":18,"column":112}},"type":"binary-expr","locations":[{"start":{"line":18,"column":83},"end":{"line":18,"column":98}},{"start":{"line":18,"column":103},"end":{"line":18,"column":112}}],"line":18},"17":{"loc":{"start":{"line":19,"column":12},"end":{"line":19,"column":52}},"type":"if","locations":[{"start":{"line":19,"column":12},"end":{"line":19,"column":52}},{"start":{"line":19,"column":12},"end":{"line":19,"column":52}}],"line":19},"18":{"loc":{"start":{"line":20,"column":12},"end":{"line":32,"column":13}},"type":"switch","locations":[{"start":{"line":21,"column":16},"end":{"line":21,"column":23}},{"start":{"line":21,"column":24},"end":{"line":21,"column":46}},{"start":{"line":22,"column":16},"end":{"line":22,"column":72}},{"start":{"line":23,"column":16},"end":{"line":23,"column":65}},{"start":{"line":24,"column":16},"end":{"line":24,"column":65}},{"start":{"line":25,"column":16},"end":{"line":31,"column":43}}],"line":20},"19":{"loc":{"start":{"line":26,"column":20},"end":{"line":26,"column":128}},"type":"if","locations":[{"start":{"line":26,"column":20},"end":{"line":26,"column":128}},{"start":{"line":26,"column":20},"end":{"line":26,"column":128}}],"line":26},"20":{"loc":{"start":{"line":26,"column":24},"end":{"line":26,"column":106}},"type":"binary-expr","locations":[{"start":{"line":26,"column":24},"end":{"line":26,"column":74}},{"start":{"line":26,"column":79},"end":{"line":26,"column":90}},{"start":{"line":26,"column":94},"end":{"line":26,"column":105}}],"line":26},"21":{"loc":{"start":{"line":26,"column":42},"end":{"line":26,"column":73}},"type":"binary-expr","locations":[{"start":{"line":26,"column":42},"end":{"line":26,"column":54}},{"start":{"line":26,"column":58},"end":{"line":26,"column":73}}],"line":26},"22":{"loc":{"start":{"line":27,"column":20},"end":{"line":27,"column":106}},"type":"if","locations":[{"start":{"line":27,"column":20},"end":{"line":27,"column":106}},{"start":{"line":27,"column":20},"end":{"line":27,"column":106}}],"line":27},"23":{"loc":{"start":{"line":27,"column":24},"end":{"line":27,"column":77}},"type":"binary-expr","locations":[{"start":{"line":27,"column":24},"end":{"line":27,"column":35}},{"start":{"line":27,"column":40},"end":{"line":27,"column":42}},{"start":{"line":27,"column":47},"end":{"line":27,"column":59}},{"start":{"line":27,"column":63},"end":{"line":27,"column":75}}],"line":27},"24":{"loc":{"start":{"line":28,"column":20},"end":{"line":28,"column":89}},"type":"if","locations":[{"start":{"line":28,"column":20},"end":{"line":28,"column":89}},{"start":{"line":28,"column":20},"end":{"line":28,"column":89}}],"line":28},"25":{"loc":{"start":{"line":28,"column":24},"end":{"line":28,"column":53}},"type":"binary-expr","locations":[{"start":{"line":28,"column":24},"end":{"line":28,"column":35}},{"start":{"line":28,"column":39},"end":{"line":28,"column":53}}],"line":28},"26":{"loc":{"start":{"line":29,"column":20},"end":{"line":29,"column":87}},"type":"if","locations":[{"start":{"line":29,"column":20},"end":{"line":29,"column":87}},{"start":{"line":29,"column":20},"end":{"line":29,"column":87}}],"line":29},"27":{"loc":{"start":{"line":29,"column":24},"end":{"line":29,"column":43}},"type":"binary-expr","locations":[{"start":{"line":29,"column":24},"end":{"line":29,"column":25}},{"start":{"line":29,"column":29},"end":{"line":29,"column":43}}],"line":29},"28":{"loc":{"start":{"line":30,"column":20},"end":{"line":30,"column":42}},"type":"if","locations":[{"start":{"line":30,"column":20},"end":{"line":30,"column":42}},{"start":{"line":30,"column":20},"end":{"line":30,"column":42}}],"line":30},"29":{"loc":{"start":{"line":35,"column":8},"end":{"line":35,"column":35}},"type":"if","locations":[{"start":{"line":35,"column":8},"end":{"line":35,"column":35}},{"start":{"line":35,"column":8},"end":{"line":35,"column":35}}],"line":35},"30":{"loc":{"start":{"line":35,"column":52},"end":{"line":35,"column":74}},"type":"cond-expr","locations":[{"start":{"line":35,"column":60},"end":{"line":35,"column":65}},{"start":{"line":35,"column":68},"end":{"line":35,"column":74}}],"line":35},"31":{"loc":{"start":{"line":53,"column":16},"end":{"line":75,"column":17}},"type":"switch","locations":[{"start":{"line":54,"column":20},"end":{"line":61,"column":32}},{"start":{"line":62,"column":20},"end":{"line":66,"column":108}},{"start":{"line":67,"column":20},"end":{"line":74,"column":64}}],"line":53},"32":{"loc":{"start":{"line":56,"column":24},"end":{"line":58,"column":25}},"type":"if","locations":[{"start":{"line":56,"column":24},"end":{"line":58,"column":25}},{"start":{"line":56,"column":24},"end":{"line":58,"column":25}}],"line":56},"33":{"loc":{"start":{"line":64,"column":24},"end":{"line":65,"column":91}},"type":"if","locations":[{"start":{"line":64,"column":24},"end":{"line":65,"column":91}},{"start":{"line":64,"column":24},"end":{"line":65,"column":91}}],"line":64},"34":{"loc":{"start":{"line":69,"column":24},"end":{"line":70,"column":91}},"type":"if","locations":[{"start":{"line":69,"column":24},"end":{"line":70,"column":91}},{"start":{"line":69,"column":24},"end":{"line":70,"column":91}}],"line":69}},"s":{"0":1,"1":5,"2":3,"3":8,"4":5,"5":5,"6":2,"7":0,"8":0,"9":0,"10":6,"11":8,"12":1,"13":8,"14":5,"15":0,"16":5,"17":8,"18":0,"19":24,"20":13,"21":13,"22":0,"23":13,"24":26,"25":26,"26":0,"27":26,"28":0,"29":26,"30":13,"31":13,"32":5,"33":5,"34":0,"35":0,"36":0,"37":0,"38":0,"39":0,"40":0,"41":8,"42":8,"43":8,"44":0,"45":0,"46":0,"47":0,"48":0,"49":0,"50":0,"51":0,"52":0,"53":0,"54":0,"55":0,"56":0,"57":0,"58":0,"59":13,"60":7,"61":7,"62":26,"63":8,"64":7,"65":1,"66":1,"67":1,"68":1,"69":1,"70":1,"71":1,"72":1,"73":1,"74":1,"75":8,"76":8,"77":8,"78":8,"79":13,"80":8,"81":8,"82":5,"83":3,"84":3,"85":3,"86":1,"87":2,"88":2,"89":2,"90":1,"91":1,"92":1,"93":1,"94":1},"f":{"0":8,"1":5,"2":3,"3":8,"4":5,"5":0,"6":6,"7":8,"8":5,"9":0,"10":24,"11":13,"12":13,"13":1,"14":8,"15":8,"16":8,"17":13},"b":{"0":[1,1,1],"1":[2,3],"2":[8,8],"3":[1,5],"4":[8,8],"5":[1,1,1],"6":[0,5],"7":[8,8],"8":[0,13],"9":[34,8],"10":[8,0],"11":[0,26],"12":[26,0,0],"13":[0,0],"14":[0,0],"15":[0,0],"16":[0,0],"17":[0,26],"18":[13,13,5,0,0,8],"19":[8,0],"20":[8,8,1],"21":[8,0],"22":[0,0],"23":[0,0,0,0],"24":[0,0],"25":[0,0],"26":[0,0],"27":[0,0],"28":[0,0],"29":[7,1],"30":[1,0],"31":[8,3,2],"32":[5,3],"33":[1,2],"34":[1,1]},"inputSourceMap":{"version":3,"file":"/Users/fk/projetos/venmo/backend/src/modules/useCases/loginUser/LoginUserUseCase.ts","sources":["/Users/fk/projetos/venmo/backend/src/modules/useCases/loginUser/LoginUserUseCase.ts"],"names":[],"mappings":";;;;;;;;;;;;;;;;;;;;;;;;;;;;;;;;;;;;;;;AAAA,qCAAmC;AACnC,6CAAoC;AAEpC,+DAAwD;AACxD,qDAAoD;AACpD,gDAA2D;AAE3D;IAAA;IAwBA,CAAC;IAvBO,kCAAO,GAAb,UAAc,EAAgC;YAA9B,QAAQ,cAAA,EAAE,QAAQ,cAAA;;;;;;wBAC1B,MAAM,GAAG,qBAAU,CAAC,SAAS,CAAC,EAAE,QAAQ,UAAA,EAAE,QAAQ,UAAA,EAAE,CAAC,CAAC;wBAC5D,IAAI,CAAC,MAAM,CAAC,OAAO,EAAE;4BACnB,MAAM,IAAI,mBAAQ,CAAC,GAAG,EAAE,qBAAqB,CAAC,CAAC;yBAChD;wBAEyB,qBAAM,qBAAM,CAAC,KAAK,CAAC,UAAU,CAAC;gCACtD,KAAK,EAAE,EAAE,QAAQ,UAAA,EAAE;6BACpB,CAAC,EAAA;;wBAFI,iBAAiB,GAAG,SAExB;wBACF,IAAI,CAAC,iBAAiB;4BAAE,MAAM,IAAI,mBAAQ,CAAC,GAAG,EAAE,0BAA0B,CAAC,CAAC;wBAEtD,qBAAM,IAAA,kBAAO,EAAC,QAAQ,EAAE,iBAAiB,CAAC,QAAQ,CAAC,EAAA;;wBAAnE,aAAa,GAAG,SAAmD;wBACzE,IAAI,CAAC,aAAa;4BAAE,MAAM,IAAI,mBAAQ,CAAC,GAAG,EAAE,0BAA0B,CAAC,CAAC;wBAElE,KAAK,GAAG,IAAA,mBAAI,EAChB,EAAE,QAAQ,UAAA,EAAE,SAAS,EAAE,iBAAiB,CAAC,SAAS,EAAE,EACpD,OAAO,CAAC,GAAG,CAAC,UAAoB,EAChC;4BACE,SAAS,EAAE,KAAK;yBACjB,CACF,CAAC;wBACF,sBAAO,EAAE,KAAK,OAAA,EAAE,EAAC;;;;KAClB;IACH,uBAAC;AAAD,CAAC,AAxBD,IAwBC;AAxBY,4CAAgB","sourcesContent":["import { compare } from \"bcryptjs\";\nimport { sign } from \"jsonwebtoken\";\n\nimport { prisma } from \"../../../database/prismaClient\";\nimport { AppError } from \"../../../errors/AppError\";\nimport { IUserDTO, UserSchema } from \"../../dtos/IUserDTO\";\n\nexport class LoginUserUseCase {\n  async execute({ username, password }: IUserDTO) {\n    const parsed = UserSchema.safeParse({ username, password });\n    if (!parsed.success) {\n      throw new AppError(400, \"Invalid user schema\");\n    }\n\n    const userAlreadyExists = await prisma.users.findUnique({\n      where: { username },\n    });\n    if (!userAlreadyExists) throw new AppError(401, \"Invalid user or password\");\n\n    const validPassword = await compare(password, userAlreadyExists.password);\n    if (!validPassword) throw new AppError(401, \"Invalid user or password\");\n\n    const token = sign(\n      { username, accountId: userAlreadyExists.accountId },\n      process.env.JWT_SECRET as string,\n      {\n        expiresIn: \"24h\",\n      }\n    );\n    return { token };\n  }\n}\n"]},"_coverageSchema":"1a1c01bbd47fc00a2c39e90264f33305004495a9","hash":"bd73c48fea6200a11d29a66a2c4ca188acbd17c5"}}